This is pdfTeX, Version 3.14159265-2.6-1.40.16 (TeX Live 2015) (preloaded format=pdflatex 2015.8.13)  4 APR 2016 12:30
entering extended mode
 restricted \write18 enabled.
 %&-line parsing enabled.
**Experiments.tex
(./Experiments.tex
LaTeX2e <2015/01/01>
Babel <3.9l> and hyphenation patterns for 79 languages loaded.
(./vakthesis.cls
Document Class: vakthesis 2009/04/01 v0.08 VAKU thesis document class (OMB)
(/usr/local/texlive/2015/texmf-dist/tex/latex/extsizes/size14.clo
File: size14.clo 1999/11/11 v1.4a NON-Standard LaTeX file (size option)
)
(/usr/local/texlive/2015/texmf-dist/tex/latex/base/ifthen.sty
Package: ifthen 2014/09/29 v1.1c Standard LaTeX ifthen package (DPC)
)
(/usr/local/texlive/2015/texmf-dist/tex/latex/tools/indentfirst.sty
Package: indentfirst 1995/11/23 v1.03 Indent first paragraph (DPC)
)
(/usr/local/texlive/2015/texmf-dist/tex/latex/tools/verbatim.sty
Package: verbatim 2014/10/28 v1.5q LaTeX2e package for verbatim enhancements
\every@verbatim=\toks14
\verbatim@line=\toks15
\verbatim@in@stream=\read1
)
\c@@supervisors@count=\count79
\@specialityfile=\read2
\c@chapter=\count80
\c@section=\count81
\c@subsection=\count82
\c@subsubsection=\count83
\c@paragraph=\count84
\c@subparagraph=\count85
\c@figure=\count86
\c@table=\count87
\abovecaptionskip=\skip41
\belowcaptionskip=\skip42
\bibindent=\dimen102
\c@needbibset=\count88
\c@currbibset=\count89
)
(/usr/local/texlive/2015/texmf-dist/tex/latex/graphics/graphicx.sty
Package: graphicx 2014/10/28 v1.0g Enhanced LaTeX Graphics (DPC,SPQR)

(/usr/local/texlive/2015/texmf-dist/tex/latex/graphics/keyval.sty
Package: keyval 2014/10/28 v1.15 key=value parser (DPC)
\KV@toks@=\toks16
)
(/usr/local/texlive/2015/texmf-dist/tex/latex/graphics/graphics.sty
Package: graphics 2014/10/28 v1.0p Standard LaTeX Graphics (DPC,SPQR)

(/usr/local/texlive/2015/texmf-dist/tex/latex/graphics/trig.sty
Package: trig 1999/03/16 v1.09 sin cos tan (DPC)
)
(/usr/local/texlive/2015/texmf-dist/tex/latex/latexconfig/graphics.cfg
File: graphics.cfg 2010/04/23 v1.9 graphics configuration of TeX Live
)
Package graphics Info: Driver file: pdftex.def on input line 94.

(/usr/local/texlive/2015/texmf-dist/tex/latex/pdftex-def/pdftex.def
File: pdftex.def 2011/05/27 v0.06d Graphics/color for pdfTeX

(/usr/local/texlive/2015/texmf-dist/tex/generic/oberdiek/infwarerr.sty
Package: infwarerr 2010/04/08 v1.3 Providing info/warning/error messages (HO)
)
(/usr/local/texlive/2015/texmf-dist/tex/generic/oberdiek/ltxcmds.sty
Package: ltxcmds 2011/11/09 v1.22 LaTeX kernel commands for general use (HO)
)
\Gread@gobject=\count90
))
\Gin@req@height=\dimen103
\Gin@req@width=\dimen104
)
(/usr/local/texlive/2015/texmf-dist/tex/latex/graphics/color.sty
Package: color 2014/10/28 v1.1a Standard LaTeX Color (DPC)

(/usr/local/texlive/2015/texmf-dist/tex/latex/latexconfig/color.cfg
File: color.cfg 2007/01/18 v1.5 color configuration of teTeX/TeXLive
)
Package color Info: Driver file: pdftex.def on input line 142.
)
(/usr/local/texlive/2015/texmf-dist/tex/latex/framed/framed.sty
Package: framed 2011/10/22 v 0.96: framed or shaded text with page breaks
\OuterFrameSep=\skip43
\fb@frw=\dimen105
\fb@frh=\dimen106
\FrameRule=\dimen107
\FrameSep=\dimen108
)
(/usr/local/texlive/2015/texmf-dist/tex/latex/base/alltt.sty
Package: alltt 1997/06/16 v2.0g defines alltt environment
)
(/usr/local/texlive/2015/texmf-dist/tex/latex/base/fontenc.sty
Package: fontenc 2005/09/27 v1.99g Standard LaTeX package

(/usr/local/texlive/2015/texmf-dist/tex/latex/cyrillic/t2aenc.def
File: t2aenc.def 2005/09/27 v1.0i Cyrillic encoding definition file
)
LaTeX Font Info:    Try loading font information for T2A+cmr on input line 105.


(/usr/local/texlive/2015/texmf-dist/tex/latex/cyrillic/t2acmr.fd
File: t2acmr.fd 2001/08/11 v1.0a Computer Modern Cyrillic font definitions
))
(/usr/local/texlive/2015/texmf-dist/tex/latex/base/inputenc.sty
Package: inputenc 2015/03/17 v1.2c Input encoding file
\inpenc@prehook=\toks17
\inpenc@posthook=\toks18

(/usr/local/texlive/2015/texmf-dist/tex/latex/cyrillic/cp1251.def
File: cp1251.def 2014/10/28 v1.0d Input encoding file
))
(/usr/local/texlive/2015/texmf-dist/tex/generic/babel/babel.sty
Package: babel 2014/09/25 3.9l The Babel package

(/usr/local/texlive/2015/texmf-dist/tex/generic/babel-english/english.ldf
Language: english 2012/08/20 v3.3p English support from the babel system

(/usr/local/texlive/2015/texmf-dist/tex/generic/babel/babel.def
File: babel.def 2014/09/25 3.9l Babel common definitions
\babel@savecnt=\count91
\U@D=\dimen109
)
\l@canadian = a dialect from \language\l@american 
\l@australian = a dialect from \language\l@british 
\l@newzealand = a dialect from \language\l@british 
)
(/usr/local/texlive/2015/texmf-dist/tex/generic/babel-russian/russianb.ldf
Language: russianb 2015/05/01 1.3g Russian support for the Babel system
Package babel Info: Making " an active character on input line 111.
)
(/usr/local/texlive/2015/texmf-dist/tex/generic/babel-ukraineb/ukraineb.ldf
Language: ukraineb 2008/03/21 v1.1l Ukrainian support from the babel system
LaTeX Info: Redefining \textcyrillic on input line 138.
))
(/usr/local/texlive/2015/texmf-dist/tex/latex/geometry/geometry.sty
Package: geometry 2010/09/12 v5.6 Page Geometry

(/usr/local/texlive/2015/texmf-dist/tex/generic/oberdiek/ifpdf.sty
Package: ifpdf 2011/01/30 v2.3 Provides the ifpdf switch (HO)
Package ifpdf Info: pdfTeX in PDF mode is detected.
)
(/usr/local/texlive/2015/texmf-dist/tex/generic/oberdiek/ifvtex.sty
Package: ifvtex 2010/03/01 v1.5 Detect VTeX and its facilities (HO)
Package ifvtex Info: VTeX not detected.
)
(/usr/local/texlive/2015/texmf-dist/tex/generic/ifxetex/ifxetex.sty
Package: ifxetex 2010/09/12 v0.6 Provides ifxetex conditional
)
\Gm@cnth=\count92
\Gm@cntv=\count93
\c@Gm@tempcnt=\count94
\Gm@bindingoffset=\dimen110
\Gm@wd@mp=\dimen111
\Gm@odd@mp=\dimen112
\Gm@even@mp=\dimen113
\Gm@layoutwidth=\dimen114
\Gm@layoutheight=\dimen115
\Gm@layouthoffset=\dimen116
\Gm@layoutvoffset=\dimen117
\Gm@dimlist=\toks19
)
(/usr/local/texlive/2015/texmf-dist/tex/latex/mathtools/mathtools.sty
Package: mathtools 2015/05/11 v1.16 mathematical typesetting tools

(/usr/local/texlive/2015/texmf-dist/tex/latex/tools/calc.sty
Package: calc 2014/10/28 v4.3 Infix arithmetic (KKT,FJ)
\calc@Acount=\count95
\calc@Bcount=\count96
\calc@Adimen=\dimen118
\calc@Bdimen=\dimen119
\calc@Askip=\skip44
\calc@Bskip=\skip45
LaTeX Info: Redefining \setlength on input line 80.
LaTeX Info: Redefining \addtolength on input line 81.
\calc@Ccount=\count97
\calc@Cskip=\skip46
)
(/usr/local/texlive/2015/texmf-dist/tex/latex/mathtools/mhsetup.sty
Package: mhsetup 2010/01/21 v1.2a programming setup (MH)
)
(/usr/local/texlive/2015/texmf-dist/tex/latex/amsmath/amsmath.sty
Package: amsmath 2013/01/14 v2.14 AMS math features
\@mathmargin=\skip47

For additional information on amsmath, use the `?' option.
(/usr/local/texlive/2015/texmf-dist/tex/latex/amsmath/amstext.sty
Package: amstext 2000/06/29 v2.01

(/usr/local/texlive/2015/texmf-dist/tex/latex/amsmath/amsgen.sty
File: amsgen.sty 1999/11/30 v2.0
\@emptytoks=\toks20
\ex@=\dimen120
))
(/usr/local/texlive/2015/texmf-dist/tex/latex/amsmath/amsbsy.sty
Package: amsbsy 1999/11/29 v1.2d
\pmbraise@=\dimen121
)
(/usr/local/texlive/2015/texmf-dist/tex/latex/amsmath/amsopn.sty
Package: amsopn 1999/12/14 v2.01 operator names
)
\inf@bad=\count98
LaTeX Info: Redefining \frac on input line 210.
\uproot@=\count99
\leftroot@=\count100
LaTeX Info: Redefining \overline on input line 306.
\classnum@=\count101
\DOTSCASE@=\count102
LaTeX Info: Redefining \ldots on input line 378.
LaTeX Info: Redefining \dots on input line 381.
LaTeX Info: Redefining \cdots on input line 466.
\Mathstrutbox@=\box26
\strutbox@=\box27
\big@size=\dimen122
LaTeX Font Info:    Redeclaring font encoding OML on input line 566.
LaTeX Font Info:    Redeclaring font encoding OMS on input line 567.
\macc@depth=\count103
\c@MaxMatrixCols=\count104
\dotsspace@=\muskip10
\c@parentequation=\count105
\dspbrk@lvl=\count106
\tag@help=\toks21
\row@=\count107
\column@=\count108
\maxfields@=\count109
\andhelp@=\toks22
\eqnshift@=\dimen123
\alignsep@=\dimen124
\tagshift@=\dimen125
\tagwidth@=\dimen126
\totwidth@=\dimen127
\lineht@=\dimen128
\@envbody=\toks23
\multlinegap=\skip48
\multlinetaggap=\skip49
\mathdisplay@stack=\toks24
LaTeX Info: Redefining \[ on input line 2665.
LaTeX Info: Redefining \] on input line 2666.
)
LaTeX Info: Thecontrolsequence`\('isalreadyrobust on input line 129.
LaTeX Info: Thecontrolsequence`\)'isalreadyrobust on input line 129.
LaTeX Info: Thecontrolsequence`\['isalreadyrobust on input line 129.
LaTeX Info: Thecontrolsequence`\]'isalreadyrobust on input line 129.
\g_MT_multlinerow_int=\count110
\l_MT_multwidth_dim=\dimen129
\origjot=\skip50
\l_MT_shortvdotswithinadjustabove_dim=\dimen130
\l_MT_shortvdotswithinadjustbelow_dim=\dimen131
\l_MT_above_intertext_sep=\dimen132
\l_MT_below_intertext_sep=\dimen133
\l_MT_above_shortintertext_sep=\dimen134
\l_MT_below_shortintertext_sep=\dimen135
)
(/usr/local/texlive/2015/texmf-dist/tex/latex/natbib/natbib.sty
Package: natbib 2010/09/13 8.31b (PWD, AO)
\bibhang=\skip51
\bibsep=\skip52
LaTeX Info: Redefining \cite on input line 694.
\c@NAT@ctr=\count111
)
(/usr/local/texlive/2015/texmf-dist/tex/latex/soul/soul.sty
Package: soul 2003/11/17 v2.4 letterspacing/underlining (mf)
\SOUL@word=\toks25
\SOUL@lasttoken=\toks26
\SOUL@cmds=\toks27
\SOUL@buffer=\toks28
\SOUL@token=\toks29
\SOUL@spaceskip=\skip53
\SOUL@ttwidth=\dimen136
\SOUL@uldp=\dimen137
\SOUL@ulht=\dimen138
)
(/usr/local/texlive/2015/texmf-dist/tex/latex/mnsymbol/MnSymbol.sty
Package: MnSymbol 2007/01/21 v1.4 support for the MnSymbol font

(/usr/local/texlive/2015/texmf-dist/tex/latex/base/textcomp.sty
Package: textcomp 2005/09/27 v1.99g Standard LaTeX package
Package textcomp Info: Sub-encoding information:
(textcomp)               5 = only ISO-Adobe without \textcurrency
(textcomp)               4 = 5 + \texteuro
(textcomp)               3 = 4 + \textohm
(textcomp)               2 = 3 + \textestimated + \textcurrency
(textcomp)               1 = TS1 - \textcircled - \t
(textcomp)               0 = TS1 (full)
(textcomp)             Font families with sub-encoding setting implement
(textcomp)             only a restricted character set as indicated.
(textcomp)             Family '?' is the default used for unknown fonts.
(textcomp)             See the documentation for details.
Package textcomp Info: Setting ? sub-encoding to TS1/1 on input line 79.

(/usr/local/texlive/2015/texmf-dist/tex/latex/base/ts1enc.def
File: ts1enc.def 2001/06/05 v3.0e (jk/car/fm) Standard LaTeX file
)
LaTeX Info: Redefining \oldstylenums on input line 334.
Package textcomp Info: Setting cmr sub-encoding to TS1/0 on input line 349.
Package textcomp Info: Setting cmss sub-encoding to TS1/0 on input line 350.
Package textcomp Info: Setting cmtt sub-encoding to TS1/0 on input line 351.
Package textcomp Info: Setting cmvtt sub-encoding to TS1/0 on input line 352.
Package textcomp Info: Setting cmbr sub-encoding to TS1/0 on input line 353.
Package textcomp Info: Setting cmtl sub-encoding to TS1/0 on input line 354.
Package textcomp Info: Setting ccr sub-encoding to TS1/0 on input line 355.
Package textcomp Info: Setting ptm sub-encoding to TS1/4 on input line 356.
Package textcomp Info: Setting pcr sub-encoding to TS1/4 on input line 357.
Package textcomp Info: Setting phv sub-encoding to TS1/4 on input line 358.
Package textcomp Info: Setting ppl sub-encoding to TS1/3 on input line 359.
Package textcomp Info: Setting pag sub-encoding to TS1/4 on input line 360.
Package textcomp Info: Setting pbk sub-encoding to TS1/4 on input line 361.
Package textcomp Info: Setting pnc sub-encoding to TS1/4 on input line 362.
Package textcomp Info: Setting pzc sub-encoding to TS1/4 on input line 363.
Package textcomp Info: Setting bch sub-encoding to TS1/4 on input line 364.
Package textcomp Info: Setting put sub-encoding to TS1/5 on input line 365.
Package textcomp Info: Setting uag sub-encoding to TS1/5 on input line 366.
Package textcomp Info: Setting ugq sub-encoding to TS1/5 on input line 367.
Package textcomp Info: Setting ul8 sub-encoding to TS1/4 on input line 368.
Package textcomp Info: Setting ul9 sub-encoding to TS1/4 on input line 369.
Package textcomp Info: Setting augie sub-encoding to TS1/5 on input line 370.
Package textcomp Info: Setting dayrom sub-encoding to TS1/3 on input line 371.
Package textcomp Info: Setting dayroms sub-encoding to TS1/3 on input line 372.

Package textcomp Info: Setting pxr sub-encoding to TS1/0 on input line 373.
Package textcomp Info: Setting pxss sub-encoding to TS1/0 on input line 374.
Package textcomp Info: Setting pxtt sub-encoding to TS1/0 on input line 375.
Package textcomp Info: Setting txr sub-encoding to TS1/0 on input line 376.
Package textcomp Info: Setting txss sub-encoding to TS1/0 on input line 377.
Package textcomp Info: Setting txtt sub-encoding to TS1/0 on input line 378.
Package textcomp Info: Setting lmr sub-encoding to TS1/0 on input line 379.
Package textcomp Info: Setting lmdh sub-encoding to TS1/0 on input line 380.
Package textcomp Info: Setting lmss sub-encoding to TS1/0 on input line 381.
Package textcomp Info: Setting lmssq sub-encoding to TS1/0 on input line 382.
Package textcomp Info: Setting lmvtt sub-encoding to TS1/0 on input line 383.
Package textcomp Info: Setting lmtt sub-encoding to TS1/0 on input line 384.
Package textcomp Info: Setting qhv sub-encoding to TS1/0 on input line 385.
Package textcomp Info: Setting qag sub-encoding to TS1/0 on input line 386.
Package textcomp Info: Setting qbk sub-encoding to TS1/0 on input line 387.
Package textcomp Info: Setting qcr sub-encoding to TS1/0 on input line 388.
Package textcomp Info: Setting qcs sub-encoding to TS1/0 on input line 389.
Package textcomp Info: Setting qpl sub-encoding to TS1/0 on input line 390.
Package textcomp Info: Setting qtm sub-encoding to TS1/0 on input line 391.
Package textcomp Info: Setting qzc sub-encoding to TS1/0 on input line 392.
Package textcomp Info: Setting qhvc sub-encoding to TS1/0 on input line 393.
Package textcomp Info: Setting futs sub-encoding to TS1/4 on input line 394.
Package textcomp Info: Setting futx sub-encoding to TS1/4 on input line 395.
Package textcomp Info: Setting futj sub-encoding to TS1/4 on input line 396.
Package textcomp Info: Setting hlh sub-encoding to TS1/3 on input line 397.
Package textcomp Info: Setting hls sub-encoding to TS1/3 on input line 398.
Package textcomp Info: Setting hlst sub-encoding to TS1/3 on input line 399.
Package textcomp Info: Setting hlct sub-encoding to TS1/5 on input line 400.
Package textcomp Info: Setting hlx sub-encoding to TS1/5 on input line 401.
Package textcomp Info: Setting hlce sub-encoding to TS1/5 on input line 402.
Package textcomp Info: Setting hlcn sub-encoding to TS1/5 on input line 403.
Package textcomp Info: Setting hlcw sub-encoding to TS1/5 on input line 404.
Package textcomp Info: Setting hlcf sub-encoding to TS1/5 on input line 405.
Package textcomp Info: Setting pplx sub-encoding to TS1/3 on input line 406.
Package textcomp Info: Setting pplj sub-encoding to TS1/3 on input line 407.
Package textcomp Info: Setting ptmx sub-encoding to TS1/4 on input line 408.
Package textcomp Info: Setting ptmj sub-encoding to TS1/4 on input line 409.
)
(/usr/local/texlive/2015/texmf-dist/tex/latex/amsfonts/eufrak.sty
Package: eufrak 2009/06/22 v3.00 Euler Fraktur fonts
LaTeX Font Info:    Overwriting math alphabet `\EuFrak' in version `bold'
(Font)                  U/euf/m/n --> U/euf/b/n on input line 39.
)
LaTeX Info: Redefining \dagger on input line 84.
LaTeX Info: Redefining \ddagger on input line 84.
LaTeX Info: Redefining \mathparagraph on input line 84.
LaTeX Info: Redefining \mathsection on input line 84.
LaTeX Info: Redefining \mathdollar on input line 84.
LaTeX Info: Redefining \mathsterling on input line 84.
LaTeX Info: Redefining \Re on input line 84.
LaTeX Info: Redefining \Im on input line 84.
\symMnSyA=\mathgroup4
\symMnSyB=\mathgroup5
\symMnSyC=\mathgroup6
\symMnSyD=\mathgroup7
LaTeX Font Info:    Redeclaring symbol font `largesymbols' on input line 119.
LaTeX Font Info:    Overwriting symbol font `largesymbols' in version `normal'
(Font)                  OMX/cmex/m/n --> OMX/MnSymbolE/m/n on input line 119.
LaTeX Font Info:    Overwriting symbol font `largesymbols' in version `bold'
(Font)                  OMX/cmex/m/n --> OMX/MnSymbolE/m/n on input line 119.
LaTeX Font Info:    Redeclaring symbol font `symbols' on input line 120.
LaTeX Font Info:    Encoding `OMS' has changed to `U' for symbol font
(Font)              `symbols' in the math version `normal' on input line 120.
LaTeX Font Info:    Overwriting symbol font `symbols' in version `normal'
(Font)                  OMS/cmsy/m/n --> U/MnSymbolF/m/n on input line 120.
LaTeX Font Info:    Encoding `OMS' has changed to `U' for symbol font
(Font)              `symbols' in the math version `bold' on input line 120.
LaTeX Font Info:    Overwriting symbol font `symbols' in version `bold'
(Font)                  OMS/cmsy/b/n --> U/MnSymbolF/m/n on input line 120.
LaTeX Font Info:    Overwriting symbol font `MnSyA' in version `bold'
(Font)                  U/MnSymbolA/m/n --> U/MnSymbolA/b/n on input line 121.
LaTeX Font Info:    Overwriting symbol font `MnSyB' in version `bold'
(Font)                  U/MnSymbolB/m/n --> U/MnSymbolB/b/n on input line 122.
LaTeX Font Info:    Overwriting symbol font `MnSyC' in version `bold'
(Font)                  U/MnSymbolC/m/n --> U/MnSymbolC/b/n on input line 123.
LaTeX Font Info:    Overwriting symbol font `MnSyD' in version `bold'
(Font)                  U/MnSymbolD/m/n --> U/MnSymbolD/b/n on input line 124.
LaTeX Font Info:    Overwriting symbol font `largesymbols' in version `bold'
(Font)                  OMX/MnSymbolE/m/n --> OMX/MnSymbolE/b/n on input line 1
25.
LaTeX Font Info:    Overwriting symbol font `symbols' in version `bold'
(Font)                  U/MnSymbolF/m/n --> U/MnSymbolF/b/n on input line 126.
LaTeX Font Info:    Redeclaring math alphabet \mathcal on input line 241.
LaTeX Font Info:    Overwriting math alphabet `\mathcal' in version `bold'
(Font)                  OMS/MnSymbolS/m/n --> OMS/MnSymbolS/b/n on input line 2
41.
LaTeX Info: Redefining \longrightarrow on input line 548.
LaTeX Info: Redefining \longleftarrow on input line 549.
LaTeX Info: Redefining \longleftrightarrow on input line 550.
LaTeX Info: Redefining \Longrightarrow on input line 551.
LaTeX Info: Redefining \Longleftarrow on input line 552.
LaTeX Info: Redefining \Longleftrightarrow on input line 553.
LaTeX Info: Redefining \longmapsto on input line 554.
LaTeX Info: Redefining \vdots on input line 868.
LaTeX Font Info:    Redeclaring math symbol \braceld on input line 1721.
LaTeX Font Info:    Redeclaring math symbol \bracelu on input line 1722.
LaTeX Font Info:    Redeclaring math symbol \bracerd on input line 1723.
LaTeX Font Info:    Redeclaring math symbol \braceru on input line 1724.
LaTeX Info: Redefining \downbracefill on input line 1799.
LaTeX Info: Redefining \upbracefill on input line 1800.
LaTeX Info: Redefining \overbrace on input line 1819.
LaTeX Info: Redefining \underbrace on input line 1820.
LaTeX Info: Redefining \surd on input line 1843.
LaTeX Font Info:    Redeclaring math accent \widehat on input line 1845.
LaTeX Font Info:    Redeclaring math accent \widetilde on input line 1846.
LaTeX Font Info:    Redeclaring math accent \vec on input line 1848.
)
(/usr/local/texlive/2015/texmf-dist/tex/latex/booktabs/booktabs.sty
Package: booktabs 2005/04/14 v1.61803 publication quality tables
\heavyrulewidth=\dimen139
\lightrulewidth=\dimen140
\cmidrulewidth=\dimen141
\belowrulesep=\dimen142
\belowbottomsep=\dimen143
\aboverulesep=\dimen144
\abovetopsep=\dimen145
\cmidrulesep=\dimen146
\cmidrulekern=\dimen147
\defaultaddspace=\dimen148
\@cmidla=\count112
\@cmidlb=\count113
\@aboverulesep=\dimen149
\@belowrulesep=\dimen150
\@thisruleclass=\count114
\@lastruleclass=\count115
\@thisrulewidth=\dimen151
)
(/usr/local/texlive/2015/texmf-dist/tex/latex/multirow/multirow.sty
\bigstrutjot=\dimen152
)
(/usr/local/texlive/2015/texmf-dist/tex/latex/float/float.sty
Package: float 2001/11/08 v1.3d Float enhancements (AL)
\c@float@type=\count116
\float@exts=\toks30
\float@box=\box28
\@float@everytoks=\toks31
\@floatcapt=\box29
)
(/usr/local/texlive/2015/texmf-dist/tex/latex/tools/tabularx.sty
Package: tabularx 2014/10/28 v2.10 `tabularx' package (DPC)

(/usr/local/texlive/2015/texmf-dist/tex/latex/tools/array.sty
Package: array 2014/10/28 v2.4c Tabular extension package (FMi)
\col@sep=\dimen153
\extrarowheight=\dimen154
\NC@list=\toks32
\extratabsurround=\skip54
\backup@length=\skip55
)
\TX@col@width=\dimen155
\TX@old@table=\dimen156
\TX@old@col=\dimen157
\TX@target=\dimen158
\TX@delta=\dimen159
\TX@cols=\count117
\TX@ftn=\toks33
)
(/usr/local/texlive/2015/texmf-dist/tex/latex/tools/longtable.sty
Package: longtable 2014/10/28 v4.11 Multi-page Table package (DPC)
\LTleft=\skip56
\LTright=\skip57
\LTpre=\skip58
\LTpost=\skip59
\LTchunksize=\count118
\LTcapwidth=\dimen160
\LT@head=\box30
\LT@firsthead=\box31
\LT@foot=\box32
\LT@lastfoot=\box33
\LT@cols=\count119
\LT@rows=\count120
\c@LT@tables=\count121
\c@LT@chunks=\count122
\LT@p@ftn=\toks34
)
(/usr/local/texlive/2015/texmf-dist/tex/latex/caption/caption.sty
Package: caption 2013/05/02 v3.3-89 Customizing captions (AR)

(/usr/local/texlive/2015/texmf-dist/tex/latex/caption/caption3.sty
Package: caption3 2013/05/02 v1.6-88 caption3 kernel (AR)
Package caption3 Info: TeX engine: e-TeX on input line 57.
\captionmargin=\dimen161
\captionmargin@=\dimen162
\captionwidth=\dimen163
\caption@tempdima=\dimen164
\caption@indent=\dimen165
\caption@parindent=\dimen166
\caption@hangindent=\dimen167
Package caption Info: Unknown document class (or package),
(caption)             standard defaults will be used.
)

Package caption Warning: Unsupported document class (or package) detected,
(caption)                usage of the caption package is not recommended.
See the caption package documentation for explanation.

Package caption Info: \@makecaption = \long macro:#1#2->\vskip \abovecaptionski
p \sbox \@tempboxa {#1\CaptionSeparator #2}\ifdim \wd \@tempboxa >\hsize #1\Cap
tionSeparator #2\par \else \global \@minipagefalse \hb@xt@ \hsize {\hfil \box \
@tempboxa \hfil }\fi \vskip \belowcaptionskip .
\c@ContinuedFloat=\count123
Package caption Info: float package is loaded.
Package caption Info: longtable package is loaded.
(/usr/local/texlive/2015/texmf-dist/tex/latex/caption/ltcaption.sty
Package: ltcaption 2013/02/03 v1.3-62 longtable captions (AR)
))
(/usr/local/texlive/2015/texmf-dist/tex/latex/ncctools/extdash.sty
Package: extdash 2005/01/29 v1.2 Extended Dash Package (NCC)
)
(./Experiments.aux)
\openout1 = `Experiments.aux'.

LaTeX Font Info:    Checking defaults for OML/cmm/m/it on input line 99.
LaTeX Font Info:    ... okay on input line 99.
LaTeX Font Info:    Checking defaults for T1/cmr/m/n on input line 99.
LaTeX Font Info:    ... okay on input line 99.
LaTeX Font Info:    Checking defaults for OT1/cmr/m/n on input line 99.
LaTeX Font Info:    ... okay on input line 99.
LaTeX Font Info:    Checking defaults for OMS/cmsy/m/n on input line 99.
LaTeX Font Info:    ... okay on input line 99.
LaTeX Font Info:    Checking defaults for OMX/cmex/m/n on input line 99.
LaTeX Font Info:    ... okay on input line 99.
LaTeX Font Info:    Checking defaults for U/cmr/m/n on input line 99.
LaTeX Font Info:    ... okay on input line 99.
LaTeX Font Info:    Checking defaults for T2A/cmr/m/n on input line 99.
LaTeX Font Info:    ... okay on input line 99.
LaTeX Font Info:    Checking defaults for TS1/cmr/m/n on input line 99.
LaTeX Font Info:    Try loading font information for TS1+cmr on input line 99.

(/usr/local/texlive/2015/texmf-dist/tex/latex/base/ts1cmr.fd
File: ts1cmr.fd 2014/09/29 v2.5h Standard LaTeX font definitions
)
LaTeX Font Info:    ... okay on input line 99.

(/usr/local/texlive/2015/texmf-dist/tex/context/base/supp-pdf.mkii
[Loading MPS to PDF converter (version 2006.09.02).]
\scratchcounter=\count124
\scratchdimen=\dimen168
\scratchbox=\box34
\nofMPsegments=\count125
\nofMParguments=\count126
\everyMPshowfont=\toks35
\MPscratchCnt=\count127
\MPscratchDim=\dimen169
\MPnumerator=\count128
\makeMPintoPDFobject=\count129
\everyMPtoPDFconversion=\toks36
) (/usr/local/texlive/2015/texmf-dist/tex/generic/oberdiek/pdftexcmds.sty
Package: pdftexcmds 2011/11/29 v0.20 Utility functions of pdfTeX for LuaTeX (HO
)

(/usr/local/texlive/2015/texmf-dist/tex/generic/oberdiek/ifluatex.sty
Package: ifluatex 2010/03/01 v1.3 Provides the ifluatex switch (HO)
Package ifluatex Info: LuaTeX not detected.
)
Package pdftexcmds Info: LuaTeX not detected.
Package pdftexcmds Info: \pdf@primitive is available.
Package pdftexcmds Info: \pdf@ifprimitive is available.
Package pdftexcmds Info: \pdfdraftmode found.
)
(/usr/local/texlive/2015/texmf-dist/tex/latex/oberdiek/epstopdf-base.sty
Package: epstopdf-base 2010/02/09 v2.5 Base part for package epstopdf

(/usr/local/texlive/2015/texmf-dist/tex/latex/oberdiek/grfext.sty
Package: grfext 2010/08/19 v1.1 Manage graphics extensions (HO)

(/usr/local/texlive/2015/texmf-dist/tex/generic/oberdiek/kvdefinekeys.sty
Package: kvdefinekeys 2011/04/07 v1.3 Define keys (HO)
))
(/usr/local/texlive/2015/texmf-dist/tex/latex/oberdiek/kvoptions.sty
Package: kvoptions 2011/06/30 v3.11 Key value format for package options (HO)

(/usr/local/texlive/2015/texmf-dist/tex/generic/oberdiek/kvsetkeys.sty
Package: kvsetkeys 2012/04/25 v1.16 Key value parser (HO)

(/usr/local/texlive/2015/texmf-dist/tex/generic/oberdiek/etexcmds.sty
Package: etexcmds 2011/02/16 v1.5 Avoid name clashes with e-TeX commands (HO)
Package etexcmds Info: Could not find \expanded.
(etexcmds)             That can mean that you are not using pdfTeX 1.50 or
(etexcmds)             that some package has redefined \expanded.
(etexcmds)             In the latter case, load this package earlier.
)))
Package grfext Info: Graphics extension search list:
(grfext)             [.png,.pdf,.jpg,.mps,.jpeg,.jbig2,.jb2,.PNG,.PDF,.JPG,.JPE
G,.JBIG2,.JB2,.eps]
(grfext)             \AppendGraphicsExtensions on input line 452.

(/usr/local/texlive/2015/texmf-dist/tex/latex/latexconfig/epstopdf-sys.cfg
File: epstopdf-sys.cfg 2010/07/13 v1.3 Configuration of (r)epstopdf for TeX Liv
e
))
*geometry* driver: auto-detecting
*geometry* detected driver: pdftex
*geometry* verbose mode - [ preamble ] result:
* driver: pdftex
* paper: a4paper
* layout: <same size as paper>
* layoutoffset:(h,v)=(0.0pt,0.0pt)
* modes: 
* h-part:(L,W,R)=(71.13188pt, 483.69684pt, 42.67915pt)
* v-part:(T,H,B)=(56.9055pt, 731.23582pt, 56.90552pt)
* \paperwidth=597.50787pt
* \paperheight=845.04684pt
* \textwidth=483.69684pt
* \textheight=731.23582pt
* \oddsidemargin=-1.1381pt
* \evensidemargin=-1.1381pt
* \topmargin=-54.36449pt
* \headheight=14.0pt
* \headsep=25.0pt
* \topskip=14.0pt
* \footskip=30.0pt
* \marginparwidth=15.0pt
* \marginparsep=10.0pt
* \columnsep=10.0pt
* \skip\footins=12.0pt plus 4.0pt minus 2.0pt
* \hoffset=0.0pt
* \voffset=0.0pt
* \mag=1000
* \@twocolumnfalse
* \@twosidefalse
* \@mparswitchfalse
* \@reversemarginfalse
* (1in=72.27pt=25.4mm, 1cm=28.453pt)

Package caption Info: Begin \AtBeginDocument code.
Package caption Info: End \AtBeginDocument code.
Package color Info: Redefining color shadecolor on input line 101.
LaTeX Font Info:    Try loading font information for T2A+cmtt on input line 104
.
(/usr/local/texlive/2015/texmf-dist/tex/latex/cyrillic/t2acmtt.fd
File: t2acmtt.fd 2001/08/11 v1.0a Computer Modern Cyrillic font definitions
)
Overfull \hbox (49.8138pt too wide) in paragraph at lines 104--105
[]\T2A/cmtt/m/n/14.4 ## Warning in grepl(db, input): input string 43 is invalid
 in this locale[] 
 []


Overfull \hbox (49.8138pt too wide) in paragraph at lines 106--107
[]\T2A/cmtt/m/n/14.4 ## Warning in grepl(db, input): input string 44 is invalid
 in this locale[] 
 []


Overfull \hbox (49.8138pt too wide) in paragraph at lines 108--109
[]\T2A/cmtt/m/n/14.4 ## Warning in grepl(db, input): input string 45 is invalid
 in this locale[] 
 []


Overfull \hbox (49.8138pt too wide) in paragraph at lines 110--111
[]\T2A/cmtt/m/n/14.4 ## Warning in grepl(db, input): input string 48 is invalid
 in this locale[] 
 []


Overfull \hbox (49.8138pt too wide) in paragraph at lines 112--113
[]\T2A/cmtt/m/n/14.4 ## Warning in grepl(db, input): input string 53 is invalid
 in this locale[] 
 []


Overfull \hbox (20.58034pt too wide) in paragraph at lines 114--115
[]\T2A/cmtt/m/n/14.4 ## Warning in grep("^\\\\bibliography.+", input, value = T
RUE): input
 []


Overfull \hbox (20.58034pt too wide) in paragraph at lines 116--117
[]\T2A/cmtt/m/n/14.4 ## Warning in grep("^\\\\bibliography.+", input, value = T
RUE): input
 []


Overfull \hbox (20.58034pt too wide) in paragraph at lines 118--119
[]\T2A/cmtt/m/n/14.4 ## Warning in grep("^\\\\bibliography.+", input, value = T
RUE): input
 []


Overfull \hbox (20.58034pt too wide) in paragraph at lines 120--121
[]\T2A/cmtt/m/n/14.4 ## Warning in grep("^\\\\bibliography.+", input, value = T
RUE): input
 []


Overfull \hbox (20.58034pt too wide) in paragraph at lines 122--122
[]\T2A/cmtt/m/n/14.4 ## Warning in grep("^\\\\bibliography.+", input, value = T
RUE): input
 []

[1{/usr/local/texlive/2015/texmf-var/fonts/map/pdftex/updmap/pdftex.map}

]
{\Ukrainian \CYRR \cyro \cyrz \cyrd \cyrii \cyrl } 1.

Overfull \hbox (0.22873pt too wide) in paragraph at lines 157--158
[]\T2A/cmr/m/n/14.4 Датасет для пер-шо-го екс-пе-ри-мен-ту (фа-зо-вий порт-рет 
на-ве-де-но на рис. 1.1[])
 []

<images/ENFNDataSetPhasePortrait.png, id=8, 247.1634pt x 229.3368pt>
File: images/ENFNDataSetPhasePortrait.png Graphic file (type png)

<use images/ENFNDataSetPhasePortrait.png>
Package pdftex.def Info: images/ENFNDataSetPhasePortrait.png used on input line
 168.
(pdftex.def)             Requested size: 247.16278pt x 229.33624pt.
 [2

]
<images/ENFNErrorFromInferenceOrder.png, id=24, 501.5538pt x 235.6002pt>
File: images/ENFNErrorFromInferenceOrder.png Graphic file (type png)

<use images/ENFNErrorFromInferenceOrder.png>
Package pdftex.def Info: images/ENFNErrorFromInferenceOrder.png used on input l
ine 178.
(pdftex.def)             Requested size: 501.55258pt x 235.59961pt.

Overfull \hbox (17.85574pt too wide) in paragraph at lines 178--179
 [] 
 []


<images/ENFNErrorFromNumberOfMembershipFunctions.png, id=25, 296.307pt x 243.79
08pt>
File: images/ENFNErrorFromNumberOfMembershipFunctions.png Graphic file (type pn
g)
 <use images/ENFNErrorFromNumberOfMembershipFunctions.png>
Package pdftex.def Info: images/ENFNErrorFromNumberOfMembershipFunctions.png us
ed on input line 185.
(pdftex.def)             Requested size: 296.30627pt x 243.7902pt.
 [3 <./images/ENFNDataSetPhasePortrait.png> <./images/ENFNErrorFromInferenceOrd
er.png>]
<images/ENFNPrediction3IO3MF.png, id=31, 512.1534pt x 212.9556pt>
File: images/ENFNPrediction3IO3MF.png Graphic file (type png)

<use images/ENFNPrediction3IO3MF.png>
Package pdftex.def Info: images/ENFNPrediction3IO3MF.png used on input line 193
.
(pdftex.def)             Requested size: 512.15215pt x 212.95506pt.

Overfull \hbox (28.4553pt too wide) in paragraph at lines 193--194
 [] 
 []

[4 <./images/ENFNErrorFromNumberOfMembershipFunctions.png> <./images/ENFNPredic
tion3IO3MF.png>] [5]
<images/ENFNMackeyGlassPredictionsIO3M3.png, id=42, 424.9476pt x 189.3474pt>
File: images/ENFNMackeyGlassPredictionsIO3M3.png Graphic file (type png)

<use images/ENFNMackeyGlassPredictionsIO3M3.png>
Package pdftex.def Info: images/ENFNMackeyGlassPredictionsIO3M3.png used on inp
ut line 249.
(pdftex.def)             Requested size: 424.94655pt x 189.34692pt.
 [6 <./images/ENFNMackeyGlassPredictionsIO3M3.png>]
<images/ENFNMackeyGlassPredictionsIO0M3.png, id=47, 399.4122pt x 145.0218pt>
File: images/ENFNMackeyGlassPredictionsIO0M3.png Graphic file (type png)

<use images/ENFNMackeyGlassPredictionsIO0M3.png>
Package pdftex.def Info: images/ENFNMackeyGlassPredictionsIO0M3.png used on inp
ut line 296.
(pdftex.def)             Requested size: 399.41122pt x 145.02144pt.
 [7]
<images/ENFNMackeyGlassIO3M3ErrorFromInferenceOrder.png, id=52, 479.8728pt x 24
4.7544pt>
File: images/ENFNMackeyGlassIO3M3ErrorFromInferenceOrder.png Graphic file (type
 png)
 <use images/ENFNMackeyGlassIO3M3ErrorFromInferenceOrder.png>
Package pdftex.def Info: images/ENFNMackeyGlassIO3M3ErrorFromInferenceOrder.png
 used on input line 304.
(pdftex.def)             Requested size: 479.87163pt x 244.75378pt.
 [8 <./images/ENFNMackeyGlassPredictionsIO0M3.png> <./images/ENFNMackeyGlassIO3
M3ErrorFromInferenceOrder.png>]
<images/UkrEnergoPhasePortrait.png, id=58, 227.8914pt x 223.5552pt>
File: images/UkrEnergoPhasePortrait.png Graphic file (type png)

<use images/UkrEnergoPhasePortrait.png>
Package pdftex.def Info: images/UkrEnergoPhasePortrait.png used on input line 3
16.
(pdftex.def)             Requested size: 227.89084pt x 223.55464pt.

<images/ENFNUkrEnergoPredictionIO1M6.png, id=59, 456.2646pt x 199.947pt>
File: images/ENFNUkrEnergoPredictionIO1M6.png Graphic file (type png)

<use images/ENFNUkrEnergoPredictionIO1M6.png>
Package pdftex.def Info: images/ENFNUkrEnergoPredictionIO1M6.png used on input 
line 328.
(pdftex.def)             Requested size: 456.26349pt x 199.9465pt.
 [9 <./images/UkrEnergoPhasePortrait.png>]
<images/ElectricityDemandPhasePortrait.pdf, id=64, 480.20845pt x 309.06215pt>
File: images/ElectricityDemandPhasePortrait.pdf Graphic file (type pdf)

<use images/ElectricityDemandPhasePortrait.pdf>
Package pdftex.def Info: images/ElectricityDemandPhasePortrait.pdf used on inpu
t line 344.
(pdftex.def)             Requested size: 289.07999pt x 186.05649pt.

<images/ENFNNet+FuzzyGeneralizerElectricityDemand.png, id=65, 458.1918pt x 303.
534pt>
File: images/ENFNNet+FuzzyGeneralizerElectricityDemand.png Graphic file (type p
ng)
 <use images/ENFNNet+FuzzyGeneralizerElectricityDemand.png>
Package pdftex.def Info: images/ENFNNet+FuzzyGeneralizerElectricityDemand.png u
sed on input line 354.
(pdftex.def)             Requested size: 458.19069pt x 303.53325pt.

Overfull \hbox (7.4835pt too wide) in paragraph at lines 363--386
 [][] 
 []

[10 <./images/ENFNUkrEnergoPredictionIO1M6.png>] [11 <./images/ElectricityDeman
dPhasePortrait.pdf> <./images/ENFNNet+FuzzyGeneralizerElectricityDemand.png>]
<images/SubtidalCoastalLevelPhasePortrait.pdf, id=95, 457.60907pt x 298.58511pt
>
File: images/SubtidalCoastalLevelPhasePortrait.pdf Graphic file (type pdf)
 <use images/SubtidalCoastalLevelPhasePortrait.pdf>
Package pdftex.def Info: images/SubtidalCoastalLevelPhasePortrait.pdf used on i
nput line 392.
(pdftex.def)             Requested size: 289.07999pt x 188.62444pt.

<images/ENFNNet+FuzzyGeneralizerSubtidalCoastalLevelFlunctuations.pdf, id=96, 4
60.32089pt x 302.83069pt>
File: images/ENFNNet+FuzzyGeneralizerSubtidalCoastalLevelFlunctuations.pdf Grap
hic file (type pdf)

<use images/ENFNNet+FuzzyGeneralizerSubtidalCoastalLevelFlunctuations.pdf>
Package pdftex.def Info: images/ENFNNet+FuzzyGeneralizerSubtidalCoastalLevelFlu
nctuations.pdf used on input line 400.
(pdftex.def)             Requested size: 460.31976pt x 302.82994pt.

Overfull \hbox (7.4835pt too wide) in paragraph at lines 409--432
 [][] 
 []

[12] [13 <./images/SubtidalCoastalLevelPhasePortrait.pdf> <./images/ENFNNet+Fuz
zyGeneralizerSubtidalCoastalLevelFlunctuations.pdf>]
<images/ESTPCompetitionTimeSeriesPhasePortrait.pdf, id=137, 458.34473pt x 297.5
2626pt>
File: images/ESTPCompetitionTimeSeriesPhasePortrait.pdf Graphic file (type pdf)

 <use images/ESTPCompetitionTimeSeriesPhasePortrait.pdf>
Package pdftex.def Info: images/ESTPCompetitionTimeSeriesPhasePortrait.pdf used
 on input line 438.
(pdftex.def)             Requested size: 289.07999pt x 187.66045pt.

<images/ENFNNetFuzzyGeneralizerESTPCompettionTimeSeries.pdf, id=138, 475.92073p
t x 326.0216pt>
File: images/ENFNNetFuzzyGeneralizerESTPCompettionTimeSeries.pdf Graphic file (
type pdf)

<use images/ENFNNetFuzzyGeneralizerESTPCompettionTimeSeries.pdf>
Package pdftex.def Info: images/ENFNNetFuzzyGeneralizerESTPCompettionTimeSeries
.pdf used on input line 446.
(pdftex.def)             Requested size: 475.91957pt x 326.0208pt.

Overfull \hbox (36.21419pt too wide) in paragraph at lines 452--453
[]\T2A/cmr/m/n/14.4 Результати про-гно-зу-ва-н-ня ней-ро-нiв окре-мих ка-ска-дi
в, нейронiв-узагальнювачiв,
 []


Overfull \hbox (7.4835pt too wide) in paragraph at lines 457--480
 [][] 
 []

[14] [15 <./images/ESTPCompetitionTimeSeriesPhasePortrait.pdf> <./images/ENFNNe
tFuzzyGeneralizerESTPCompettionTimeSeries.pdf>] [16]
<images/MIMOLorenz3D.pdf, id=182, 419.66641pt x 432.053pt>
File: images/MIMOLorenz3D.pdf Graphic file (type pdf)

<use images/MIMOLorenz3D.pdf>
Package pdftex.def Info: images/MIMOLorenz3D.pdf used on input line 503.
(pdftex.def)             Requested size: 419.66537pt x 432.05194pt.
 [17 <./images/MIMOLorenz3D.pdf>]
Overfull \hbox (13.35707pt too wide) in paragraph at lines 514--537
 [][] 
 []

[18] <images/MIMOLorenz.pdf, id=201, 463.9089pt x 301.56114pt>
File: images/MIMOLorenz.pdf Graphic file (type pdf)

<use images/MIMOLorenz.pdf>
Package pdftex.def Info: images/MIMOLorenz.pdf used on input line 557.
(pdftex.def)             Requested size: 463.90778pt x 301.5604pt.
 [19]
Overfull \hbox (1.95505pt too wide) in paragraph at lines 569--570
[]\T2A/cmr/m/n/14.4 Одна з основ-них пе-ре-ваг, при-та-ман-них про-по-но-ва-нiй
 са-мо-на-вчан-нiй нейро-
 []

<images/clustering01.pdf, id=207, 459.7175pt x 266.9975pt>
File: images/clustering01.pdf Graphic file (type pdf)

<use images/clustering01.pdf>
Package pdftex.def Info: images/clustering01.pdf used on input line 573.
(pdftex.def)             Requested size: 459.71637pt x 266.99683pt.
 [20 <./images/MIMOLorenz.pdf>]

LaTeX Warning: Reference `eq:reccurentPartitioningCoefficient' on page 21 undef
ined on input line 581.


LaTeX Warning: Reference `eq:recurrentXieBeniIndex' on page 21 undefined on inp
ut line 581.


Overfull \hbox (15.22507pt too wide) in paragraph at lines 583--584
\T2A/cmr/m/n/14.4 ним ви-яви-ся дру-гий ка-скад ($\OML/cmm/m/it/14.4 m \U/MnSym
bolD/m/n/14.4 ^^@ \OT1/cmr/m/n/14.4 3$\T2A/cmr/m/n/14.4 ) з трьо-ма кла-сте-ра-
ми i нейроном-переможцем
 []

[21 <./images/clustering01.pdf>] [22]
<images/clustering03.pdf, id=241, 454.69875pt x 242.9075pt>
File: images/clustering03.pdf Graphic file (type pdf)

<use images/clustering03.pdf>
Package pdftex.def Info: images/clustering03.pdf used on input line 640.
(pdftex.def)             Requested size: 454.69763pt x 242.90689pt.

<images/clustering002.pdf, id=242, 454.69875pt x 242.9075pt>
File: images/clustering002.pdf Graphic file (type pdf)

<use images/clustering002.pdf>
Package pdftex.def Info: images/clustering002.pdf used on input line 658.
(pdftex.def)             Requested size: 454.69763pt x 242.90689pt.
 [23 <./images/clustering03.pdf>] [24 <./images/clustering002.pdf>] <images/clu
stering04.pdf, id=255, 454.69875pt x 242.9075pt>
File: images/clustering04.pdf Graphic file (type pdf)

<use images/clustering04.pdf>
Package pdftex.def Info: images/clustering04.pdf used on input line 743.
(pdftex.def)             Requested size: 454.69763pt x 242.90689pt.
 [25]
<images/HierarchialClusteringOfIrisDataset.pdf, id=260, 447.6725pt x 518.93875p
t>
File: images/HierarchialClusteringOfIrisDataset.pdf Graphic file (type pdf)
 <use images/HierarchialClusteringOfIrisDataset.pdf>
Package pdftex.def Info: images/HierarchialClusteringOfIrisDataset.pdf used on 
input line 761.
(pdftex.def)             Requested size: 447.6714pt x 518.93748pt.

<images/ClusteredIrisDatasetM3Beta2.pdf, id=261, 447.6725pt x 435.6275pt>
File: images/ClusteredIrisDatasetM3Beta2.pdf Graphic file (type pdf)

<use images/ClusteredIrisDatasetM3Beta2.pdf>
Package pdftex.def Info: images/ClusteredIrisDatasetM3Beta2.pdf used on input l
ine 771.
(pdftex.def)             Requested size: 447.6714pt x 435.62643pt.
 [26 <./images/clustering04.pdf>]
[27] [28]
<images/IrisClusteringEfficiencyFromNumberOfClustersAndFuzzyfier.pdf, id=274, 5
05.89pt x 453.54352pt>
File: images/IrisClusteringEfficiencyFromNumberOfClustersAndFuzzyfier.pdf Graph
ic file (type pdf)

<use images/IrisClusteringEfficiencyFromNumberOfClustersAndFuzzyfier.pdf>
Package pdftex.def Info: images/IrisClusteringEfficiencyFromNumberOfClustersAnd
Fuzzyfier.pdf used on input line 843.
(pdftex.def)             Requested size: 397.48499pt x 356.36462pt.

<images/ClusteredIrisDatasetM7Beta5.pdf, id=275, 461.725pt x 461.725pt>
File: images/ClusteredIrisDatasetM7Beta5.pdf Graphic file (type pdf)

<use images/ClusteredIrisDatasetM7Beta5.pdf>
Package pdftex.def Info: images/ClusteredIrisDatasetM7Beta5.pdf used on input l
ine 853.
(pdftex.def)             Requested size: 461.72388pt x 461.72388pt.

<images/ClusteredIrisDatasetM12Beta4.pdf, id=276, 461.725pt x 461.725pt>
File: images/ClusteredIrisDatasetM12Beta4.pdf Graphic file (type pdf)

<use images/ClusteredIrisDatasetM12Beta4.pdf>
Package pdftex.def Info: images/ClusteredIrisDatasetM12Beta4.pdf used on input 
line 862.
(pdftex.def)             Requested size: 461.72388pt x 461.72388pt.

<images/3DClusteredIrisDatasetM7Beta5.pdf, id=277, 461.725pt x 526.96875pt>
File: images/3DClusteredIrisDatasetM7Beta5.pdf Graphic file (type pdf)

<use images/3DClusteredIrisDatasetM7Beta5.pdf>
Package pdftex.def Info: images/3DClusteredIrisDatasetM7Beta5.pdf used on input
 line 883.
(pdftex.def)             Requested size: 461.72388pt x 526.96745pt.
 [29]
<images/3DClusteredIrisDatasetM12Beta4.pdf, id=281, 461.725pt x 526.96875pt>
File: images/3DClusteredIrisDatasetM12Beta4.pdf Graphic file (type pdf)

<use images/3DClusteredIrisDatasetM12Beta4.pdf>
Package pdftex.def Info: images/3DClusteredIrisDatasetM12Beta4.pdf used on inpu
t line 893.
(pdftex.def)             Requested size: 461.72388pt x 526.96745pt.
 [30 <./images/3DClusteredIrisDatasetM7Beta5.pdf>]
<images/StudentKnowledgeDataSet.pdf, id=290, 461.725pt x 526.96875pt>
File: images/StudentKnowledgeDataSet.pdf Graphic file (type pdf)

<use images/StudentKnowledgeDataSet.pdf>
Package pdftex.def Info: images/StudentKnowledgeDataSet.pdf used on input line 
903.
(pdftex.def)             Requested size: 461.72388pt x 526.96745pt.
 [31 <./images/3DClusteredIrisDatasetM12Beta4.pdf>] [32 <./images/StudentKnowle
dgeDataSet.pdf>]
<images/3DStudentKnowledgeDataSet.pdf, id=308, 461.725pt x 490.83376pt>
File: images/3DStudentKnowledgeDataSet.pdf Graphic file (type pdf)

<use images/3DStudentKnowledgeDataSet.pdf>
Package pdftex.def Info: images/3DStudentKnowledgeDataSet.pdf used on input lin
e 921.
(pdftex.def)             Requested size: 461.72388pt x 490.83255pt.
 [33 <./images/3DStudentKnowledgeDataSet.pdf>]
<images/3DClusterizedStudentKnowledgeDataSetM4Beta2.pdf, id=317, 461.725pt x 49
0.83376pt>
File: images/3DClusterizedStudentKnowledgeDataSetM4Beta2.pdf Graphic file (type
 pdf)
 <use images/3DClusterizedStudentKnowledgeDataSetM4Beta2.pdf>
Package pdftex.def Info: images/3DClusterizedStudentKnowledgeDataSetM4Beta2.pdf
 used on input line 931.
(pdftex.def)             Requested size: 461.72388pt x 490.83255pt.

<images/ClusterizedStudentKnowledgeDataSetM4Beta2.pdf, id=318, 461.725pt x 526.
96875pt>
File: images/ClusterizedStudentKnowledgeDataSetM4Beta2.pdf Graphic file (type p
df)
 <use images/ClusterizedStudentKnowledgeDataSetM4Beta2.pdf>
Package pdftex.def Info: images/ClusterizedStudentKnowledgeDataSetM4Beta2.pdf u
sed on input line 941.
(pdftex.def)             Requested size: 461.72388pt x 526.96745pt.
 [34]
[35 <./images/ClusterizedStudentKnowledgeDataSetM4Beta2.pdf>]
<images/SpoonAppClassification.png, id=330, 289.08pt x 514.0806pt>
File: images/SpoonAppClassification.png Graphic file (type png)

<use images/SpoonAppClassification.png>
Package pdftex.def Info: images/SpoonAppClassification.png used on input line 9
58.
(pdftex.def)             Requested size: 289.07928pt x 514.07935pt.
 [36] [37 <./images/SpoonAppClassification.png>] <images/SpoonAppClustering.png
, id=339, 289.08pt x 514.0806pt>
File: images/SpoonAppClustering.png Graphic file (type png)

<use images/SpoonAppClustering.png>
Package pdftex.def Info: images/SpoonAppClustering.png used on input line 972.
(pdftex.def)             Requested size: 289.07928pt x 514.07935pt.
 [38 <./images/SpoonAppClustering.png>]
[39]
Overfull \hbox (5.47987pt too wide) in paragraph at lines 1004--1007
\T2A/cmr/m/n/14.4 кiв-ський ва-го-но-бу-дiв-ний за-вод>>. Пiд-при-№м-ствам ма-ш
и-но-бу-дiв-но-го се-кто-ру еко-
 []


Overfull \hbox (3.2631pt too wide) in paragraph at lines 1004--1007
\T2A/cmr/m/n/14.4 но-мi-ки при-та-ман-не гли-бо-ке ви-ко-ри-ста-н-ня ви-ро-бни-
чоЁ про-гра-ми в яко-стi основ-
 []

[40] [41] [42]
Overfull \hbox (1.36967pt too wide) in paragraph at lines 1021--1021
[]|\T2A/cmr/m/n/14.4 Попереднi
 []


Underfull \hbox (badness 10000) in paragraph at lines 1021--1021
[]|\T2A/cmr/m/n/14.4 Подальшi
 []


Overfull \hbox (1.36967pt too wide) in paragraph at lines 1024--1024
[]|\T2A/cmr/m/n/14.4 Попереднi
 []


Underfull \hbox (badness 10000) in paragraph at lines 1024--1024
[]|\T2A/cmr/m/n/14.4 Подальшi
 []


Underfull \hbox (badness 10000) in paragraph at lines 1026--1026
[]|\T2A/cmr/m/n/14.4 Розбирання вiз-кiв 0.162-
 []


Underfull \hbox (badness 10000) in paragraph at lines 1026--1026
[]|\T2A/cmr/m/n/14.4 109.05.046
 []


Underfull \hbox (badness 10000) in paragraph at lines 1027--1027
[]|\T2A/cmr/m/n/14.4 Розбирання вiз-кiв 0.114-
 []


Underfull \hbox (badness 10000) in paragraph at lines 1027--1027
[]|\T2A/cmr/m/n/14.4 109.05.047
 []


Underfull \hbox (badness 2707) in paragraph at lines 1028--1028
[]|\T2A/cmr/m/n/14.4 Попередня де-фе-кта-цiя ву-злiв
 []


Underfull \hbox (badness 10000) in paragraph at lines 1028--1028
[]|\T2A/cmr/m/n/14.4 109.05.047
 []


Underfull \hbox (badness 10000) in paragraph at lines 1028--1028
\T2A/cmr/m/n/14.4 109.05.049
 []


Underfull \hbox (badness 2707) in paragraph at lines 1029--1029
[]|\T2A/cmr/m/n/14.4 Попередня де-фе-кта-цiя ву-злiв
 []


Underfull \hbox (badness 10000) in paragraph at lines 1029--1029
[]|\T2A/cmr/m/n/14.4 109.05.046
 []


Underfull \hbox (badness 10000) in paragraph at lines 1029--1029
[]|\T2A/cmr/m/n/14.4 109.05.050
 []


Underfull \hbox (badness 2818) in paragraph at lines 1030--1030
[]|\T2A/cmr/m/n/14.4 Абразивне очи-ще-н-ня де-та-лей
 []


Underfull \hbox (badness 10000) in paragraph at lines 1030--1030
[]|\T2A/cmr/m/n/14.4 109.01.022
 []


Underfull \hbox (badness 10000) in paragraph at lines 1030--1030
\T2A/cmr/m/n/14.4 109.01.035
 []


Underfull \hbox (badness 10000) in paragraph at lines 1030--1030
\T2A/cmr/m/n/14.4 109.01.036
 []


Underfull \hbox (badness 2818) in paragraph at lines 1031--1031
[]|\T2A/cmr/m/n/14.4 Абразивне очи-ще-н-ня де-та-лей
 []


Underfull \hbox (badness 10000) in paragraph at lines 1031--1031
[]|\T2A/cmr/m/n/14.4 109.01.022
 []


Underfull \hbox (badness 10000) in paragraph at lines 1031--1031
\T2A/cmr/m/n/14.4 109.01.035
 []


Underfull \hbox (badness 10000) in paragraph at lines 1031--1031
\T2A/cmr/m/n/14.4 109.01.036
 []


Underfull \hbox (badness 10000) in paragraph at lines 1032--1032
[]|\T2A/cmr/m/n/14.4 109.05.049
 []


Underfull \hbox (badness 10000) in paragraph at lines 1033--1033
[]|\T2A/cmr/m/n/14.4 109.01.031
 []


Underfull \hbox (badness 10000) in paragraph at lines 1034--1034
[]|\T2A/cmr/m/n/14.4 109.05.046
 []


Underfull \hbox (badness 10000) in paragraph at lines 1034--1034
\T2A/cmr/m/n/14.4 109.05.047
 []


Underfull \hbox (badness 10000) in paragraph at lines 1034--1034
[]|\T2A/cmr/m/n/14.4 109.01.005
 []


Underfull \hbox (badness 10000) in paragraph at lines 1036--1036
[]|\T2A/cmr/m/n/14.4 Сушка атмо-сфер-на ви-го-тов-
 []


Underfull \hbox (badness 10000) in paragraph at lines 1036--1036
\T2A/cmr/m/n/14.4 ле-них де-та-лей вiз-ку 0.162-
 []


Underfull \hbox (badness 10000) in paragraph at lines 1036--1036
[]|\T2A/cmr/m/n/14.4 109.01.044
 []


Underfull \hbox (badness 10000) in paragraph at lines 1036--1036
\T2A/cmr/m/n/14.4 109.01.007
 []


Underfull \hbox (badness 10000) in paragraph at lines 1038--1038
[]|\T2A/cmr/m/n/14.4 Сушка атмо-сфер-на ви-го-тов-
 []


Underfull \hbox (badness 10000) in paragraph at lines 1038--1038
\T2A/cmr/m/n/14.4 ле-них де-та-лей вiз-ку 0.114-
 []


Underfull \hbox (badness 10000) in paragraph at lines 1038--1038
[]|\T2A/cmr/m/n/14.4 109.01.044
 []


Underfull \hbox (badness 10000) in paragraph at lines 1038--1038
\T2A/cmr/m/n/14.4 109.01.007
 []


Underfull \hbox (badness 10000) in paragraph at lines 1038--1038
\T2A/cmr/m/n/14.4 109.01.009
 []


Underfull \hbox (badness 10000) in paragraph at lines 1039--1039
[]|\T2A/cmr/m/n/14.4 Ремонт ра-ми вiз-ку 0.162-
 []


Underfull \hbox (badness 10000) in paragraph at lines 1039--1039
[]|\T2A/cmr/m/n/14.4 109.05.052
 []


Underfull \hbox (badness 10000) in paragraph at lines 1039--1039
\T2A/cmr/m/n/14.4 109.05.053
 []


Underfull \hbox (badness 10000) in paragraph at lines 1041--1041
[]|\T2A/cmr/m/n/14.4 109.01.029
 []


Underfull \hbox (badness 10000) in paragraph at lines 1042--1042
[]|\T2A/cmr/m/n/14.4 Ремонт ра-ми вiз-ку 0.114-
 []


Underfull \hbox (badness 10000) in paragraph at lines 1042--1042
[]|\T2A/cmr/m/n/14.4 109.05.052
 []


Underfull \hbox (badness 10000) in paragraph at lines 1042--1042
\T2A/cmr/m/n/14.4 109.05.053
 []


Underfull \hbox (badness 10000) in paragraph at lines 1044--1044
[]|\T2A/cmr/m/n/14.4 109.01.030
 []


Underfull \hbox (badness 10000) in paragraph at lines 1045--1045
[]|\T2A/cmr/m/n/14.4 Ремонт на-дре-сор-но-го бру-су
 []


Underfull \hbox (badness 10000) in paragraph at lines 1045--1045
[]|\T2A/cmr/m/n/14.4 109.05.052
 []


Underfull \hbox (badness 10000) in paragraph at lines 1045--1045
\T2A/cmr/m/n/14.4 109.05.053
 []


Underfull \hbox (badness 10000) in paragraph at lines 1049--1049
[]|\T2A/cmr/m/n/14.4 109.01.040
 []


Underfull \hbox (badness 10000) in paragraph at lines 1050--1050
[]|\T2A/cmr/m/n/14.4 Ремонт на-дре-сор-но-го бру-су
 []


Underfull \hbox (badness 10000) in paragraph at lines 1050--1050
[]|\T2A/cmr/m/n/14.4 109.05.052
 []


Underfull \hbox (badness 10000) in paragraph at lines 1050--1050
\T2A/cmr/m/n/14.4 109.05.053
 []


Underfull \hbox (badness 10000) in paragraph at lines 1054--1054
[]|\T2A/cmr/m/n/14.4 109.01.041
 []


Underfull \hbox (badness 10000) in paragraph at lines 1055--1055
[]|\T2A/cmr/m/n/14.4 Ремонт де-та-лей пiд-вi-сок
 []


Underfull \hbox (badness 10000) in paragraph at lines 1055--1055
[]|\T2A/cmr/m/n/14.4 109.05.052
 []


Underfull \hbox (badness 10000) in paragraph at lines 1055--1055
[]|\T2A/cmr/m/n/14.4 109.01.041
 []


Underfull \hbox (badness 10000) in paragraph at lines 1055--1055
\T2A/cmr/m/n/14.4 109.01.023
 []


Underfull \hbox (badness 10000) in paragraph at lines 1055--1055
\T2A/cmr/m/n/14.4 109.01.024
 []


Underfull \hbox (badness 10000) in paragraph at lines 1056--1056
[]|\T2A/cmr/m/n/14.4 109.05.052
 []


Underfull \hbox (badness 10000) in paragraph at lines 1056--1056
[]|\T2A/cmr/m/n/14.4 109.01.041
 []


Underfull \hbox (badness 10000) in paragraph at lines 1056--1056
\T2A/cmr/m/n/14.4 109.01.039
 []


Underfull \hbox (badness 10000) in paragraph at lines 1057--1057
[]|\T2A/cmr/m/n/14.4 109.05.052
 []


Underfull \hbox (badness 10000) in paragraph at lines 1057--1057
[]|\T2A/cmr/m/n/14.4 109.01.041
 []


Underfull \hbox (badness 10000) in paragraph at lines 1057--1057
\T2A/cmr/m/n/14.4 109.01.039
 []


Underfull \hbox (badness 10000) in paragraph at lines 1058--1058
[]|\T2A/cmr/m/n/14.4 109.05.052
 []


Underfull \hbox (badness 10000) in paragraph at lines 1058--1058
[]|\T2A/cmr/m/n/14.4 109.01.037
 []


Underfull \hbox (badness 10000) in paragraph at lines 1058--1058
\T2A/cmr/m/n/14.4 109.01.038
 []


Underfull \hbox (badness 10000) in paragraph at lines 1058--1058
\T2A/cmr/m/n/14.4 109.01.025
 []


Underfull \hbox (badness 10000) in paragraph at lines 1059--1059
[]|\T2A/cmr/m/n/14.4 109.05.049
 []


Underfull \hbox (badness 10000) in paragraph at lines 1059--1059
[]|\T2A/cmr/m/n/14.4 109.01.037
 []


Underfull \hbox (badness 10000) in paragraph at lines 1059--1059
\T2A/cmr/m/n/14.4 109.01.038
 []


Underfull \hbox (badness 10000) in paragraph at lines 1059--1059
\T2A/cmr/m/n/14.4 109.01.025
 []


Underfull \hbox (badness 10000) in paragraph at lines 1060--1060
[]|\T2A/cmr/m/n/14.4 109.05.049
 []


Underfull \hbox (badness 10000) in paragraph at lines 1060--1060
[]|\T2A/cmr/m/n/14.4 109.01.037
 []


Underfull \hbox (badness 10000) in paragraph at lines 1060--1060
\T2A/cmr/m/n/14.4 109.01.038
 []


Underfull \hbox (badness 10000) in paragraph at lines 1060--1060
\T2A/cmr/m/n/14.4 109.01.025
 []


Underfull \hbox (badness 10000) in paragraph at lines 1061--1061
[]|\T2A/cmr/m/n/14.4 109.01.025
 []


Underfull \hbox (badness 10000) in paragraph at lines 1062--1062
[]|\T2A/cmr/m/n/14.4 109.01.025
 []


Underfull \hbox (badness 3735) in paragraph at lines 1063--1063
[]|\T2A/cmr/m/n/14.4 Грунтування вiд-ре-мон-то-ва-них
 []


Underfull \hbox (badness 1668) in paragraph at lines 1063--1063
\T2A/cmr/m/n/14.4 де-та-лей i скла-до-вих оди-ниць
 []


Underfull \hbox (badness 10000) in paragraph at lines 1063--1063
[]|\T2A/cmr/m/n/14.4 109.01.023
 []


Underfull \hbox (badness 10000) in paragraph at lines 1063--1063
\T2A/cmr/m/n/14.4 109.01.017
 []


Underfull \hbox (badness 10000) in paragraph at lines 1063--1063
\T2A/cmr/m/n/14.4 109.01.018
 []


Underfull \hbox (badness 10000) in paragraph at lines 1063--1063
\T2A/cmr/m/n/14.4 109.01.019
 []


Underfull \hbox (badness 2277) in paragraph at lines 1064--1064
[]|\T2A/cmr/m/n/14.4 Сушка атмо-сфер-на вiд-ре-мон-
 []


Underfull \hbox (badness 2142) in paragraph at lines 1064--1064
\T2A/cmr/m/n/14.4 то-ва-них де-та-лей i скла-до-вих
 []


Underfull \hbox (badness 10000) in paragraph at lines 1065--1065
[]|\T2A/cmr/m/n/14.4 Фарбування вiд-ре-мон-то-ва-них
 []


Underfull \hbox (badness 1668) in paragraph at lines 1065--1065
\T2A/cmr/m/n/14.4 де-та-лей i скла-до-вих оди-ниць
 []

[43] [44]
Underfull \hbox (badness 2277) in paragraph at lines 1066--1066
[]|\T2A/cmr/m/n/14.4 Сушка атмо-сфер-на вiд-ре-мон-
 []


Underfull \hbox (badness 2142) in paragraph at lines 1066--1066
\T2A/cmr/m/n/14.4 то-ва-них де-та-лей i скла-до-вих
 []


Underfull \hbox (badness 3735) in paragraph at lines 1067--1067
[]|\T2A/cmr/m/n/14.4 Грунтування вiд-ре-мон-то-ва-них
 []


Underfull \hbox (badness 1668) in paragraph at lines 1067--1067
\T2A/cmr/m/n/14.4 де-та-лей i скла-до-вих оди-ниць
 []


Underfull \hbox (badness 10000) in paragraph at lines 1067--1067
[]|\T2A/cmr/m/n/14.4 109.01.024
 []


Underfull \hbox (badness 10000) in paragraph at lines 1067--1067
\T2A/cmr/m/n/14.4 109.01.017
 []


Underfull \hbox (badness 10000) in paragraph at lines 1067--1067
\T2A/cmr/m/n/14.4 109.01.018
 []


Underfull \hbox (badness 10000) in paragraph at lines 1067--1067
\T2A/cmr/m/n/14.4 109.01.019
 []


Underfull \hbox (badness 2277) in paragraph at lines 1068--1068
[]|\T2A/cmr/m/n/14.4 Сушка атмо-сфер-на вiд-ре-мон-
 []


Underfull \hbox (badness 2142) in paragraph at lines 1068--1068
\T2A/cmr/m/n/14.4 то-ва-них де-та-лей i скла-до-вих
 []


Underfull \hbox (badness 10000) in paragraph at lines 1069--1069
[]|\T2A/cmr/m/n/14.4 Фарбування вiд-ре-мон-то-ва-них
 []


Underfull \hbox (badness 1668) in paragraph at lines 1069--1069
\T2A/cmr/m/n/14.4 де-та-лей i скла-до-вих оди-ниць
 []


Underfull \hbox (badness 2277) in paragraph at lines 1070--1070
[]|\T2A/cmr/m/n/14.4 Сушка атмо-сфер-на вiд-ре-мон-
 []


Underfull \hbox (badness 2142) in paragraph at lines 1070--1070
\T2A/cmr/m/n/14.4 то-ва-них де-та-лей i скла-до-вих
 []


Underfull \hbox (badness 10000) in paragraph at lines 1071--1071
[]|\T2A/cmr/m/n/14.4 109.01.033
 []


Underfull \hbox (badness 10000) in paragraph at lines 1071--1071
\T2A/cmr/m/n/14.4 109.01.039
 []


Underfull \hbox (badness 10000) in paragraph at lines 1072--1072
[]|\T2A/cmr/m/n/14.4 109.01.041
 []


Underfull \hbox (badness 10000) in paragraph at lines 1072--1072
\T2A/cmr/m/n/14.4 109.01.034
 []


Underfull \hbox (badness 10000) in paragraph at lines 1073--1073
[]|\T2A/cmr/m/n/14.4 109.05.051
 []


Underfull \hbox (badness 10000) in paragraph at lines 1073--1073
[]|\T2A/cmr/m/n/14.4 109.01.033
 []


Underfull \hbox (badness 10000) in paragraph at lines 1074--1074
[]|\T2A/cmr/m/n/14.4 109.05.051
 []


Underfull \hbox (badness 10000) in paragraph at lines 1074--1074
[]|\T2A/cmr/m/n/14.4 109.01.034
 []


Underfull \hbox (badness 10000) in paragraph at lines 1075--1075
[]|\T2A/cmr/m/n/14.4 109.01.029
 []


Underfull \hbox (badness 1270) in paragraph at lines 1076--1076
[]|\T2A/cmr/m/n/14.4 Сушка атмо-сфер-на ра-ми вiз-
 []


Underfull \hbox (badness 10000) in paragraph at lines 1077--1077
[]|\T2A/cmr/m/n/14.4 109.01.030
 []


Underfull \hbox (badness 1270) in paragraph at lines 1078--1078
[]|\T2A/cmr/m/n/14.4 Сушка атмо-сфер-на ра-ми вiз-
 []


Underfull \hbox (badness 10000) in paragraph at lines 1079--1079
[]|\T2A/cmr/m/n/14.4 109.05.049
 []


Underfull \hbox (badness 10000) in paragraph at lines 1079--1079
[]|\T2A/cmr/m/n/14.4 109.01.037
 []


Underfull \hbox (badness 10000) in paragraph at lines 1080--1080
[]|\T2A/cmr/m/n/14.4 109.05.049
 []


Underfull \hbox (badness 10000) in paragraph at lines 1080--1080
[]|\T2A/cmr/m/n/14.4 109.01.040
 []


Underfull \hbox (badness 10000) in paragraph at lines 1080--1080
\T2A/cmr/m/n/14.4 109.01.041
 []


Underfull \hbox (badness 1571) in paragraph at lines 1081--1081
\T2A/cmr/m/n/14.4 жiль-ноЁ пе-ре-да-чi вiз-ку 0.162-
 []


Underfull \hbox (badness 10000) in paragraph at lines 1081--1081
[]|\T2A/cmr/m/n/14.4 109.01.021
 []


Underfull \hbox (badness 10000) in paragraph at lines 1081--1081
\T2A/cmr/m/n/14.4 109.01.022
 []


Underfull \hbox (badness 10000) in paragraph at lines 1081--1081
\T2A/cmr/m/n/14.4 109.01.020
 []


Underfull \hbox (badness 10000) in paragraph at lines 1081--1081
\T2A/cmr/m/n/14.4 109.01.035
 []


Underfull \hbox (badness 10000) in paragraph at lines 1081--1081
\T2A/cmr/m/n/14.4 109.05.061
 []


Underfull \hbox (badness 10000) in paragraph at lines 1081--1081
\T2A/cmr/m/n/14.4 109.05.064
 []


Underfull \hbox (badness 10000) in paragraph at lines 1081--1081
[]|\T2A/cmr/m/n/14.4 109.01.040
 []


Underfull \hbox (badness 1571) in paragraph at lines 1082--1082
\T2A/cmr/m/n/14.4 жiль-ноЁ пе-ре-да-чi вiз-ку 0.114-
 []


Underfull \hbox (badness 10000) in paragraph at lines 1082--1082
[]|\T2A/cmr/m/n/14.4 109.01.021
 []


Underfull \hbox (badness 10000) in paragraph at lines 1082--1082
\T2A/cmr/m/n/14.4 109.01.022
 []


Underfull \hbox (badness 10000) in paragraph at lines 1082--1082
\T2A/cmr/m/n/14.4 109.01.020
 []


Underfull \hbox (badness 10000) in paragraph at lines 1082--1082
\T2A/cmr/m/n/14.4 109.01.035
 []


Underfull \hbox (badness 10000) in paragraph at lines 1082--1082
\T2A/cmr/m/n/14.4 109.05.063
 []


Underfull \hbox (badness 10000) in paragraph at lines 1082--1082
\T2A/cmr/m/n/14.4 109.05.065
 []


Underfull \hbox (badness 10000) in paragraph at lines 1082--1082
[]|\T2A/cmr/m/n/14.4 109.01.041
 []


Underfull \hbox (badness 10000) in paragraph at lines 1083--1083
[]|\T2A/cmr/m/n/14.4 109.01.036
 []


Underfull \hbox (badness 10000) in paragraph at lines 1083--1083
\T2A/cmr/m/n/14.4 109.01.037
 []


Underfull \hbox (badness 10000) in paragraph at lines 1083--1083
[]|\T2A/cmr/m/n/14.4 109.01.040
 []


Underfull \hbox (badness 4726) in paragraph at lines 1084--1084
[]|\T2A/cmr/m/n/14.4 Збiрка вiз-ку 0.162-04.20.00 :
 []


Underfull \hbox (badness 10000) in paragraph at lines 1084--1084
[]|\T2A/cmr/m/n/14.4 109.01.036
 []


Underfull \hbox (badness 10000) in paragraph at lines 1084--1084
\T2A/cmr/m/n/14.4 109.01.037
 []


Underfull \hbox (badness 10000) in paragraph at lines 1084--1084
\T2A/cmr/m/n/14.4 109.01.039
 []


Underfull \hbox (badness 10000) in paragraph at lines 1084--1084
\T2A/cmr/m/n/14.4 109.05.057
 []


Underfull \hbox (badness 10000) in paragraph at lines 1084--1084
\T2A/cmr/m/n/14.4 109.01.017
 []


Underfull \hbox (badness 10000) in paragraph at lines 1085--1085
[]|\T2A/cmr/m/n/14.4 Фарбування вiз-ку 0.162-
 []

[45] [46]
Underfull \hbox (badness 4726) in paragraph at lines 1087--1087
[]|\T2A/cmr/m/n/14.4 Збiрка вiз-ку 0.114-04.10.00 :
 []


Underfull \hbox (badness 10000) in paragraph at lines 1087--1087
[]|\T2A/cmr/m/n/14.4 109.01.036
 []


Underfull \hbox (badness 10000) in paragraph at lines 1087--1087
\T2A/cmr/m/n/14.4 109.01.038
 []


Underfull \hbox (badness 10000) in paragraph at lines 1087--1087
\T2A/cmr/m/n/14.4 109.01.039
 []


Underfull \hbox (badness 10000) in paragraph at lines 1087--1087
\T2A/cmr/m/n/14.4 109.01.017
 []


Underfull \hbox (badness 10000) in paragraph at lines 1090--1090
[]|\T2A/cmr/m/n/14.4 109.05.049
 []


Underfull \hbox (badness 10000) in paragraph at lines 1090--1090
[]|\T2A/cmr/m/n/14.4 109.01.007
 []


Underfull \hbox (badness 10000) in paragraph at lines 1090--1090
\T2A/cmr/m/n/14.4 109.01.009
 []


Underfull \hbox (badness 10000) in paragraph at lines 1090--1090
\T2A/cmr/m/n/14.4 109.01.044
 []


Underfull \hbox (badness 10000) in paragraph at lines 1090--1090
\T2A/cmr/m/n/14.4 109.01.047
 []


Underfull \hbox (badness 10000) in paragraph at lines 1091--1091
[]|\T2A/cmr/m/n/14.4 Нове фор-му-ва-н-ня па-са-жир-
 []


Underfull \hbox (badness 10000) in paragraph at lines 1091--1091
[]|\T2A/cmr/m/n/14.4 109.01.001
 []


Underfull \hbox (badness 10000) in paragraph at lines 1092--1092
[]|\T2A/cmr/m/n/14.4 Фарбування ко-лi-сноЁ па-ри
 []


Underfull \hbox (badness 10000) in paragraph at lines 1092--1092
[]|\T2A/cmr/m/n/14.4 109.01.040
 []

[47] [48] [49] [50]

LaTeX Warning: Reference `sec:ExtendedNeoFuzzyNeuron' on page 51 undefined on i
nput line 1099.


Overfull \hbox (2.52611pt too wide) in paragraph at lines 1099--1100
\T2A/cmr/m/n/14.4 ка- i[]Су- е-но до-вiль-но-го по-ряд-ку. Про-де-мон-стро-ва-н
о, що роз-ши-ре-нi нео-
 []


LaTeX Warning: Reference `ch:CascadedNeoFuzzySystemWithPoolOptimization' on pag
e 51 undefined on input line 1100.


LaTeX Warning: Reference `sec:MultidimentionalNeoFuzzyNeuron' on page 51 undefi
ned on input line 1101.


LaTeX Warning: Reference `sec:MIMOEvolvingCascadedSystemBuiltOnMNFNs' on page 5
1 undefined on input line 1102.


Overfull \hbox (5.09184pt too wide) in paragraph at lines 1102--1103
[]\T2A/cmr/m/n/14.4 Змодельовано за-про-по-но-ва-ну у пiд-роз-дi-лi [] MI-MO ар
-хi-те-кту-ру з опти-
 []

[51]

LaTeX Warning: Reference `ch:EvolvingClusteringSystem' on page 52 undefined on 
input line 1103.


LaTeX Warning: Reference `sec:EvolvingSelfLearningSystemArchitecture' on page 5
2 undefined on input line 1104.


LaTeX Warning: Reference `sec:OptimizedCascadedNeuralNetworkArchitecture' on pa
ge 52 undefined on input line 1105.

No file Experiments.bbl.
[52] [53 <./images/HierarchialClusteringOfIrisDataset.pdf>] [54 <./images/Clust
eredIrisDatasetM3Beta2.pdf>] [55 <./images/IrisClusteringEfficiencyFromNumberOf
ClustersAndFuzzyfier.pdf>] [56 <./images/ClusteredIrisDatasetM7Beta5.pdf>]
[57 <./images/ClusteredIrisDatasetM12Beta4.pdf>] [58 <./images/3DClusterizedStu
dentKnowledgeDataSetM4Beta2.pdf>] (./Experiments.aux)

LaTeX Warning: There were undefined references.

 ) 
Here is how much of TeX's memory you used:
 8559 strings out of 493089
 127799 string characters out of 6134842
 217058 words of memory out of 5000000
 11831 multiletter control sequences out of 15000+600000
 22911 words of font info for 66 fonts, out of 8000000 for 9000
 1141 hyphenation exceptions out of 8191
 38i,9n,44p,4421b,340s stack positions out of 5000i,500n,10000p,200000b,80000s
{/usr/local/texlive/2015/texmf-dist/fonts/enc/dvips/mnsymbol/MnSymbolE.enc}{/
usr/local/texlive/2015/texmf-dist/fonts/enc/dvips/mnsymbol/MnSymbolA.enc}{/usr/
local/texlive/2015/texmf-dist/fonts/enc/dvips/mnsymbol/MnSymbolC.enc}{/usr/loca
l/texlive/2015/texmf-dist/fonts/enc/dvips/cm-super/cm-super-t2a.enc}{/usr/local
/texlive/2015/texmf-dist/fonts/enc/dvips/mnsymbol/MnSymbolD.enc}{/usr/local/tex
live/2015/texmf-dist/fonts/enc/dvips/mnsymbol/MnSymbolF.enc}</usr/local/texlive
/2015/texmf-dist/fonts/type1/public/mnsymbol/MnSymbol10.pfb></usr/local/texlive
/2015/texmf-dist/fonts/type1/public/mnsymbol/MnSymbol12.pfb></usr/local/texlive
/2015/texmf-dist/fonts/type1/public/amsfonts/cm/cmmi10.pfb></usr/local/texlive/
2015/texmf-dist/fonts/type1/public/amsfonts/cm/cmmi12.pfb></usr/local/texlive/2
015/texmf-dist/fonts/type1/public/amsfonts/cm/cmr10.pfb></usr/local/texlive/201
5/texmf-dist/fonts/type1/public/amsfonts/cm/cmr12.pfb></usr/local/texlive/2015/
texmf-dist/fonts/type1/public/cm-super/sfbx1440.pfb></usr/local/texlive/2015/te
xmf-dist/fonts/type1/public/cm-super/sfrm1000.pfb></usr/local/texlive/2015/texm
f-dist/fonts/type1/public/cm-super/sfrm1200.pfb></usr/local/texlive/2015/texmf-
dist/fonts/type1/public/cm-super/sfrm1440.pfb></usr/local/texlive/2015/texmf-di
st/fonts/type1/public/cm-super/sfti1440.pfb></usr/local/texlive/2015/texmf-dist
/fonts/type1/public/cm-super/sftt1000.pfb></usr/local/texlive/2015/texmf-dist/f
onts/type1/public/cm-super/sftt1440.pfb>
Output written on Experiments.pdf (58 pages, 4731018 bytes).
PDF statistics:
 504 PDF objects out of 1000 (max. 8388607)
 343 compressed objects within 4 object streams
 0 named destinations out of 1000 (max. 500000)
 171 words of extra memory for PDF output out of 10000 (max. 10000000)

