This is pdfTeX, Version 3.14159265-2.6-1.40.16 (TeX Live 2015) (preloaded format=pdflatex 2015.8.13)  31 MAR 2016 15:03
entering extended mode
 restricted \write18 enabled.
 %&-line parsing enabled.
**thesis.tex
(./thesis.tex
LaTeX2e <2015/01/01>
Babel <3.9l> and hyphenation patterns for 79 languages loaded.
(./vakthesis.cls
Document Class: vakthesis 2009/04/01 v0.08 VAKU thesis document class (OMB)
(/usr/local/texlive/2015/texmf-dist/tex/latex/extsizes/size14.clo
File: size14.clo 1999/11/11 v1.4a NON-Standard LaTeX file (size option)
)
(/usr/local/texlive/2015/texmf-dist/tex/latex/base/ifthen.sty
Package: ifthen 2014/09/29 v1.1c Standard LaTeX ifthen package (DPC)
)
(/usr/local/texlive/2015/texmf-dist/tex/latex/tools/indentfirst.sty
Package: indentfirst 1995/11/23 v1.03 Indent first paragraph (DPC)
)
(/usr/local/texlive/2015/texmf-dist/tex/latex/tools/verbatim.sty
Package: verbatim 2014/10/28 v1.5q LaTeX2e package for verbatim enhancements
\every@verbatim=\toks14
\verbatim@line=\toks15
\verbatim@in@stream=\read1
)
\c@@supervisors@count=\count79
\@specialityfile=\read2
\c@chapter=\count80
\c@section=\count81
\c@subsection=\count82
\c@subsubsection=\count83
\c@paragraph=\count84
\c@subparagraph=\count85
\c@figure=\count86
\c@table=\count87
\abovecaptionskip=\skip41
\belowcaptionskip=\skip42
\bibindent=\dimen102
\c@needbibset=\count88
\c@currbibset=\count89
)
(/usr/local/texlive/2015/texmf-dist/tex/latex/graphics/graphicx.sty
Package: graphicx 2014/10/28 v1.0g Enhanced LaTeX Graphics (DPC,SPQR)

(/usr/local/texlive/2015/texmf-dist/tex/latex/graphics/keyval.sty
Package: keyval 2014/10/28 v1.15 key=value parser (DPC)
\KV@toks@=\toks16
)
(/usr/local/texlive/2015/texmf-dist/tex/latex/graphics/graphics.sty
Package: graphics 2014/10/28 v1.0p Standard LaTeX Graphics (DPC,SPQR)

(/usr/local/texlive/2015/texmf-dist/tex/latex/graphics/trig.sty
Package: trig 1999/03/16 v1.09 sin cos tan (DPC)
)
(/usr/local/texlive/2015/texmf-dist/tex/latex/latexconfig/graphics.cfg
File: graphics.cfg 2010/04/23 v1.9 graphics configuration of TeX Live
)
Package graphics Info: Driver file: pdftex.def on input line 94.

(/usr/local/texlive/2015/texmf-dist/tex/latex/pdftex-def/pdftex.def
File: pdftex.def 2011/05/27 v0.06d Graphics/color for pdfTeX

(/usr/local/texlive/2015/texmf-dist/tex/generic/oberdiek/infwarerr.sty
Package: infwarerr 2010/04/08 v1.3 Providing info/warning/error messages (HO)
)
(/usr/local/texlive/2015/texmf-dist/tex/generic/oberdiek/ltxcmds.sty
Package: ltxcmds 2011/11/09 v1.22 LaTeX kernel commands for general use (HO)
)
\Gread@gobject=\count90
))
\Gin@req@height=\dimen103
\Gin@req@width=\dimen104
)
(/usr/local/texlive/2015/texmf-dist/tex/latex/graphics/color.sty
Package: color 2014/10/28 v1.1a Standard LaTeX Color (DPC)

(/usr/local/texlive/2015/texmf-dist/tex/latex/latexconfig/color.cfg
File: color.cfg 2007/01/18 v1.5 color configuration of teTeX/TeXLive
)
Package color Info: Driver file: pdftex.def on input line 142.
)
(/usr/local/texlive/2015/texmf-dist/tex/latex/framed/framed.sty
Package: framed 2011/10/22 v 0.96: framed or shaded text with page breaks
\OuterFrameSep=\skip43
\fb@frw=\dimen105
\fb@frh=\dimen106
\FrameRule=\dimen107
\FrameSep=\dimen108
)
(/usr/local/texlive/2015/texmf-dist/tex/latex/base/alltt.sty
Package: alltt 1997/06/16 v2.0g defines alltt environment
)
(/usr/local/texlive/2015/texmf-dist/tex/latex/base/fontenc.sty
Package: fontenc 2005/09/27 v1.99g Standard LaTeX package

(/usr/local/texlive/2015/texmf-dist/tex/latex/cyrillic/t2aenc.def
File: t2aenc.def 2005/09/27 v1.0i Cyrillic encoding definition file
)
LaTeX Font Info:    Try loading font information for T2A+cmr on input line 105.


(/usr/local/texlive/2015/texmf-dist/tex/latex/cyrillic/t2acmr.fd
File: t2acmr.fd 2001/08/11 v1.0a Computer Modern Cyrillic font definitions
))
(/usr/local/texlive/2015/texmf-dist/tex/latex/base/inputenc.sty
Package: inputenc 2015/03/17 v1.2c Input encoding file
\inpenc@prehook=\toks17
\inpenc@posthook=\toks18

(/usr/local/texlive/2015/texmf-dist/tex/latex/cyrillic/cp1251.def
File: cp1251.def 2014/10/28 v1.0d Input encoding file
))
(/usr/local/texlive/2015/texmf-dist/tex/generic/babel/babel.sty
Package: babel 2014/09/25 3.9l The Babel package

(/usr/local/texlive/2015/texmf-dist/tex/generic/babel-english/english.ldf
Language: english 2012/08/20 v3.3p English support from the babel system

(/usr/local/texlive/2015/texmf-dist/tex/generic/babel/babel.def
File: babel.def 2014/09/25 3.9l Babel common definitions
\babel@savecnt=\count91
\U@D=\dimen109
)
\l@canadian = a dialect from \language\l@american 
\l@australian = a dialect from \language\l@british 
\l@newzealand = a dialect from \language\l@british 
)
(/usr/local/texlive/2015/texmf-dist/tex/generic/babel-russian/russianb.ldf
Language: russianb 2015/05/01 1.3g Russian support for the Babel system
Package babel Info: Making " an active character on input line 111.
)
(/usr/local/texlive/2015/texmf-dist/tex/generic/babel-ukraineb/ukraineb.ldf
Language: ukraineb 2008/03/21 v1.1l Ukrainian support from the babel system
LaTeX Info: Redefining \textcyrillic on input line 138.
))
(/usr/local/texlive/2015/texmf-dist/tex/latex/geometry/geometry.sty
Package: geometry 2010/09/12 v5.6 Page Geometry

(/usr/local/texlive/2015/texmf-dist/tex/generic/oberdiek/ifpdf.sty
Package: ifpdf 2011/01/30 v2.3 Provides the ifpdf switch (HO)
Package ifpdf Info: pdfTeX in PDF mode is detected.
)
(/usr/local/texlive/2015/texmf-dist/tex/generic/oberdiek/ifvtex.sty
Package: ifvtex 2010/03/01 v1.5 Detect VTeX and its facilities (HO)
Package ifvtex Info: VTeX not detected.
)
(/usr/local/texlive/2015/texmf-dist/tex/generic/ifxetex/ifxetex.sty
Package: ifxetex 2010/09/12 v0.6 Provides ifxetex conditional
)
\Gm@cnth=\count92
\Gm@cntv=\count93
\c@Gm@tempcnt=\count94
\Gm@bindingoffset=\dimen110
\Gm@wd@mp=\dimen111
\Gm@odd@mp=\dimen112
\Gm@even@mp=\dimen113
\Gm@layoutwidth=\dimen114
\Gm@layoutheight=\dimen115
\Gm@layouthoffset=\dimen116
\Gm@layoutvoffset=\dimen117
\Gm@dimlist=\toks19
)
(/usr/local/texlive/2015/texmf-dist/tex/latex/mathtools/mathtools.sty
Package: mathtools 2015/05/11 v1.16 mathematical typesetting tools

(/usr/local/texlive/2015/texmf-dist/tex/latex/tools/calc.sty
Package: calc 2014/10/28 v4.3 Infix arithmetic (KKT,FJ)
\calc@Acount=\count95
\calc@Bcount=\count96
\calc@Adimen=\dimen118
\calc@Bdimen=\dimen119
\calc@Askip=\skip44
\calc@Bskip=\skip45
LaTeX Info: Redefining \setlength on input line 80.
LaTeX Info: Redefining \addtolength on input line 81.
\calc@Ccount=\count97
\calc@Cskip=\skip46
)
(/usr/local/texlive/2015/texmf-dist/tex/latex/mathtools/mhsetup.sty
Package: mhsetup 2010/01/21 v1.2a programming setup (MH)
)
(/usr/local/texlive/2015/texmf-dist/tex/latex/amsmath/amsmath.sty
Package: amsmath 2013/01/14 v2.14 AMS math features
\@mathmargin=\skip47

For additional information on amsmath, use the `?' option.
(/usr/local/texlive/2015/texmf-dist/tex/latex/amsmath/amstext.sty
Package: amstext 2000/06/29 v2.01

(/usr/local/texlive/2015/texmf-dist/tex/latex/amsmath/amsgen.sty
File: amsgen.sty 1999/11/30 v2.0
\@emptytoks=\toks20
\ex@=\dimen120
))
(/usr/local/texlive/2015/texmf-dist/tex/latex/amsmath/amsbsy.sty
Package: amsbsy 1999/11/29 v1.2d
\pmbraise@=\dimen121
)
(/usr/local/texlive/2015/texmf-dist/tex/latex/amsmath/amsopn.sty
Package: amsopn 1999/12/14 v2.01 operator names
)
\inf@bad=\count98
LaTeX Info: Redefining \frac on input line 210.
\uproot@=\count99
\leftroot@=\count100
LaTeX Info: Redefining \overline on input line 306.
\classnum@=\count101
\DOTSCASE@=\count102
LaTeX Info: Redefining \ldots on input line 378.
LaTeX Info: Redefining \dots on input line 381.
LaTeX Info: Redefining \cdots on input line 466.
\Mathstrutbox@=\box26
\strutbox@=\box27
\big@size=\dimen122
LaTeX Font Info:    Redeclaring font encoding OML on input line 566.
LaTeX Font Info:    Redeclaring font encoding OMS on input line 567.
\macc@depth=\count103
\c@MaxMatrixCols=\count104
\dotsspace@=\muskip10
\c@parentequation=\count105
\dspbrk@lvl=\count106
\tag@help=\toks21
\row@=\count107
\column@=\count108
\maxfields@=\count109
\andhelp@=\toks22
\eqnshift@=\dimen123
\alignsep@=\dimen124
\tagshift@=\dimen125
\tagwidth@=\dimen126
\totwidth@=\dimen127
\lineht@=\dimen128
\@envbody=\toks23
\multlinegap=\skip48
\multlinetaggap=\skip49
\mathdisplay@stack=\toks24
LaTeX Info: Redefining \[ on input line 2665.
LaTeX Info: Redefining \] on input line 2666.
)
LaTeX Info: Thecontrolsequence`\('isalreadyrobust on input line 129.
LaTeX Info: Thecontrolsequence`\)'isalreadyrobust on input line 129.
LaTeX Info: Thecontrolsequence`\['isalreadyrobust on input line 129.
LaTeX Info: Thecontrolsequence`\]'isalreadyrobust on input line 129.
\g_MT_multlinerow_int=\count110
\l_MT_multwidth_dim=\dimen129
\origjot=\skip50
\l_MT_shortvdotswithinadjustabove_dim=\dimen130
\l_MT_shortvdotswithinadjustbelow_dim=\dimen131
\l_MT_above_intertext_sep=\dimen132
\l_MT_below_intertext_sep=\dimen133
\l_MT_above_shortintertext_sep=\dimen134
\l_MT_below_shortintertext_sep=\dimen135
)
(/usr/local/texlive/2015/texmf-dist/tex/latex/natbib/natbib.sty
Package: natbib 2010/09/13 8.31b (PWD, AO)
\bibhang=\skip51
\bibsep=\skip52
LaTeX Info: Redefining \cite on input line 694.
\c@NAT@ctr=\count111
)
(/usr/local/texlive/2015/texmf-dist/tex/latex/soul/soul.sty
Package: soul 2003/11/17 v2.4 letterspacing/underlining (mf)
\SOUL@word=\toks25
\SOUL@lasttoken=\toks26
\SOUL@cmds=\toks27
\SOUL@buffer=\toks28
\SOUL@token=\toks29
\SOUL@spaceskip=\skip53
\SOUL@ttwidth=\dimen136
\SOUL@uldp=\dimen137
\SOUL@ulht=\dimen138
)
(/usr/local/texlive/2015/texmf-dist/tex/latex/mnsymbol/MnSymbol.sty
Package: MnSymbol 2007/01/21 v1.4 support for the MnSymbol font

(/usr/local/texlive/2015/texmf-dist/tex/latex/base/textcomp.sty
Package: textcomp 2005/09/27 v1.99g Standard LaTeX package
Package textcomp Info: Sub-encoding information:
(textcomp)               5 = only ISO-Adobe without \textcurrency
(textcomp)               4 = 5 + \texteuro
(textcomp)               3 = 4 + \textohm
(textcomp)               2 = 3 + \textestimated + \textcurrency
(textcomp)               1 = TS1 - \textcircled - \t
(textcomp)               0 = TS1 (full)
(textcomp)             Font families with sub-encoding setting implement
(textcomp)             only a restricted character set as indicated.
(textcomp)             Family '?' is the default used for unknown fonts.
(textcomp)             See the documentation for details.
Package textcomp Info: Setting ? sub-encoding to TS1/1 on input line 79.

(/usr/local/texlive/2015/texmf-dist/tex/latex/base/ts1enc.def
File: ts1enc.def 2001/06/05 v3.0e (jk/car/fm) Standard LaTeX file
)
LaTeX Info: Redefining \oldstylenums on input line 334.
Package textcomp Info: Setting cmr sub-encoding to TS1/0 on input line 349.
Package textcomp Info: Setting cmss sub-encoding to TS1/0 on input line 350.
Package textcomp Info: Setting cmtt sub-encoding to TS1/0 on input line 351.
Package textcomp Info: Setting cmvtt sub-encoding to TS1/0 on input line 352.
Package textcomp Info: Setting cmbr sub-encoding to TS1/0 on input line 353.
Package textcomp Info: Setting cmtl sub-encoding to TS1/0 on input line 354.
Package textcomp Info: Setting ccr sub-encoding to TS1/0 on input line 355.
Package textcomp Info: Setting ptm sub-encoding to TS1/4 on input line 356.
Package textcomp Info: Setting pcr sub-encoding to TS1/4 on input line 357.
Package textcomp Info: Setting phv sub-encoding to TS1/4 on input line 358.
Package textcomp Info: Setting ppl sub-encoding to TS1/3 on input line 359.
Package textcomp Info: Setting pag sub-encoding to TS1/4 on input line 360.
Package textcomp Info: Setting pbk sub-encoding to TS1/4 on input line 361.
Package textcomp Info: Setting pnc sub-encoding to TS1/4 on input line 362.
Package textcomp Info: Setting pzc sub-encoding to TS1/4 on input line 363.
Package textcomp Info: Setting bch sub-encoding to TS1/4 on input line 364.
Package textcomp Info: Setting put sub-encoding to TS1/5 on input line 365.
Package textcomp Info: Setting uag sub-encoding to TS1/5 on input line 366.
Package textcomp Info: Setting ugq sub-encoding to TS1/5 on input line 367.
Package textcomp Info: Setting ul8 sub-encoding to TS1/4 on input line 368.
Package textcomp Info: Setting ul9 sub-encoding to TS1/4 on input line 369.
Package textcomp Info: Setting augie sub-encoding to TS1/5 on input line 370.
Package textcomp Info: Setting dayrom sub-encoding to TS1/3 on input line 371.
Package textcomp Info: Setting dayroms sub-encoding to TS1/3 on input line 372.

Package textcomp Info: Setting pxr sub-encoding to TS1/0 on input line 373.
Package textcomp Info: Setting pxss sub-encoding to TS1/0 on input line 374.
Package textcomp Info: Setting pxtt sub-encoding to TS1/0 on input line 375.
Package textcomp Info: Setting txr sub-encoding to TS1/0 on input line 376.
Package textcomp Info: Setting txss sub-encoding to TS1/0 on input line 377.
Package textcomp Info: Setting txtt sub-encoding to TS1/0 on input line 378.
Package textcomp Info: Setting lmr sub-encoding to TS1/0 on input line 379.
Package textcomp Info: Setting lmdh sub-encoding to TS1/0 on input line 380.
Package textcomp Info: Setting lmss sub-encoding to TS1/0 on input line 381.
Package textcomp Info: Setting lmssq sub-encoding to TS1/0 on input line 382.
Package textcomp Info: Setting lmvtt sub-encoding to TS1/0 on input line 383.
Package textcomp Info: Setting lmtt sub-encoding to TS1/0 on input line 384.
Package textcomp Info: Setting qhv sub-encoding to TS1/0 on input line 385.
Package textcomp Info: Setting qag sub-encoding to TS1/0 on input line 386.
Package textcomp Info: Setting qbk sub-encoding to TS1/0 on input line 387.
Package textcomp Info: Setting qcr sub-encoding to TS1/0 on input line 388.
Package textcomp Info: Setting qcs sub-encoding to TS1/0 on input line 389.
Package textcomp Info: Setting qpl sub-encoding to TS1/0 on input line 390.
Package textcomp Info: Setting qtm sub-encoding to TS1/0 on input line 391.
Package textcomp Info: Setting qzc sub-encoding to TS1/0 on input line 392.
Package textcomp Info: Setting qhvc sub-encoding to TS1/0 on input line 393.
Package textcomp Info: Setting futs sub-encoding to TS1/4 on input line 394.
Package textcomp Info: Setting futx sub-encoding to TS1/4 on input line 395.
Package textcomp Info: Setting futj sub-encoding to TS1/4 on input line 396.
Package textcomp Info: Setting hlh sub-encoding to TS1/3 on input line 397.
Package textcomp Info: Setting hls sub-encoding to TS1/3 on input line 398.
Package textcomp Info: Setting hlst sub-encoding to TS1/3 on input line 399.
Package textcomp Info: Setting hlct sub-encoding to TS1/5 on input line 400.
Package textcomp Info: Setting hlx sub-encoding to TS1/5 on input line 401.
Package textcomp Info: Setting hlce sub-encoding to TS1/5 on input line 402.
Package textcomp Info: Setting hlcn sub-encoding to TS1/5 on input line 403.
Package textcomp Info: Setting hlcw sub-encoding to TS1/5 on input line 404.
Package textcomp Info: Setting hlcf sub-encoding to TS1/5 on input line 405.
Package textcomp Info: Setting pplx sub-encoding to TS1/3 on input line 406.
Package textcomp Info: Setting pplj sub-encoding to TS1/3 on input line 407.
Package textcomp Info: Setting ptmx sub-encoding to TS1/4 on input line 408.
Package textcomp Info: Setting ptmj sub-encoding to TS1/4 on input line 409.
)
(/usr/local/texlive/2015/texmf-dist/tex/latex/amsfonts/eufrak.sty
Package: eufrak 2009/06/22 v3.00 Euler Fraktur fonts
LaTeX Font Info:    Overwriting math alphabet `\EuFrak' in version `bold'
(Font)                  U/euf/m/n --> U/euf/b/n on input line 39.
)
LaTeX Info: Redefining \dagger on input line 84.
LaTeX Info: Redefining \ddagger on input line 84.
LaTeX Info: Redefining \mathparagraph on input line 84.
LaTeX Info: Redefining \mathsection on input line 84.
LaTeX Info: Redefining \mathdollar on input line 84.
LaTeX Info: Redefining \mathsterling on input line 84.
LaTeX Info: Redefining \Re on input line 84.
LaTeX Info: Redefining \Im on input line 84.
\symMnSyA=\mathgroup4
\symMnSyB=\mathgroup5
\symMnSyC=\mathgroup6
\symMnSyD=\mathgroup7
LaTeX Font Info:    Redeclaring symbol font `largesymbols' on input line 119.
LaTeX Font Info:    Overwriting symbol font `largesymbols' in version `normal'
(Font)                  OMX/cmex/m/n --> OMX/MnSymbolE/m/n on input line 119.
LaTeX Font Info:    Overwriting symbol font `largesymbols' in version `bold'
(Font)                  OMX/cmex/m/n --> OMX/MnSymbolE/m/n on input line 119.
LaTeX Font Info:    Redeclaring symbol font `symbols' on input line 120.
LaTeX Font Info:    Encoding `OMS' has changed to `U' for symbol font
(Font)              `symbols' in the math version `normal' on input line 120.
LaTeX Font Info:    Overwriting symbol font `symbols' in version `normal'
(Font)                  OMS/cmsy/m/n --> U/MnSymbolF/m/n on input line 120.
LaTeX Font Info:    Encoding `OMS' has changed to `U' for symbol font
(Font)              `symbols' in the math version `bold' on input line 120.
LaTeX Font Info:    Overwriting symbol font `symbols' in version `bold'
(Font)                  OMS/cmsy/b/n --> U/MnSymbolF/m/n on input line 120.
LaTeX Font Info:    Overwriting symbol font `MnSyA' in version `bold'
(Font)                  U/MnSymbolA/m/n --> U/MnSymbolA/b/n on input line 121.
LaTeX Font Info:    Overwriting symbol font `MnSyB' in version `bold'
(Font)                  U/MnSymbolB/m/n --> U/MnSymbolB/b/n on input line 122.
LaTeX Font Info:    Overwriting symbol font `MnSyC' in version `bold'
(Font)                  U/MnSymbolC/m/n --> U/MnSymbolC/b/n on input line 123.
LaTeX Font Info:    Overwriting symbol font `MnSyD' in version `bold'
(Font)                  U/MnSymbolD/m/n --> U/MnSymbolD/b/n on input line 124.
LaTeX Font Info:    Overwriting symbol font `largesymbols' in version `bold'
(Font)                  OMX/MnSymbolE/m/n --> OMX/MnSymbolE/b/n on input line 1
25.
LaTeX Font Info:    Overwriting symbol font `symbols' in version `bold'
(Font)                  U/MnSymbolF/m/n --> U/MnSymbolF/b/n on input line 126.
LaTeX Font Info:    Redeclaring math alphabet \mathcal on input line 241.
LaTeX Font Info:    Overwriting math alphabet `\mathcal' in version `bold'
(Font)                  OMS/MnSymbolS/m/n --> OMS/MnSymbolS/b/n on input line 2
41.
LaTeX Info: Redefining \longrightarrow on input line 548.
LaTeX Info: Redefining \longleftarrow on input line 549.
LaTeX Info: Redefining \longleftrightarrow on input line 550.
LaTeX Info: Redefining \Longrightarrow on input line 551.
LaTeX Info: Redefining \Longleftarrow on input line 552.
LaTeX Info: Redefining \Longleftrightarrow on input line 553.
LaTeX Info: Redefining \longmapsto on input line 554.
LaTeX Info: Redefining \vdots on input line 868.
LaTeX Font Info:    Redeclaring math symbol \braceld on input line 1721.
LaTeX Font Info:    Redeclaring math symbol \bracelu on input line 1722.
LaTeX Font Info:    Redeclaring math symbol \bracerd on input line 1723.
LaTeX Font Info:    Redeclaring math symbol \braceru on input line 1724.
LaTeX Info: Redefining \downbracefill on input line 1799.
LaTeX Info: Redefining \upbracefill on input line 1800.
LaTeX Info: Redefining \overbrace on input line 1819.
LaTeX Info: Redefining \underbrace on input line 1820.
LaTeX Info: Redefining \surd on input line 1843.
LaTeX Font Info:    Redeclaring math accent \widehat on input line 1845.
LaTeX Font Info:    Redeclaring math accent \widetilde on input line 1846.
LaTeX Font Info:    Redeclaring math accent \vec on input line 1848.
)
(/usr/local/texlive/2015/texmf-dist/tex/latex/booktabs/booktabs.sty
Package: booktabs 2005/04/14 v1.61803 publication quality tables
\heavyrulewidth=\dimen139
\lightrulewidth=\dimen140
\cmidrulewidth=\dimen141
\belowrulesep=\dimen142
\belowbottomsep=\dimen143
\aboverulesep=\dimen144
\abovetopsep=\dimen145
\cmidrulesep=\dimen146
\cmidrulekern=\dimen147
\defaultaddspace=\dimen148
\@cmidla=\count112
\@cmidlb=\count113
\@aboverulesep=\dimen149
\@belowrulesep=\dimen150
\@thisruleclass=\count114
\@lastruleclass=\count115
\@thisrulewidth=\dimen151
)
(/usr/local/texlive/2015/texmf-dist/tex/latex/multirow/multirow.sty
\bigstrutjot=\dimen152
)
(/usr/local/texlive/2015/texmf-dist/tex/latex/tools/tabularx.sty
Package: tabularx 2014/10/28 v2.10 `tabularx' package (DPC)

(/usr/local/texlive/2015/texmf-dist/tex/latex/tools/array.sty
Package: array 2014/10/28 v2.4c Tabular extension package (FMi)
\col@sep=\dimen153
\extrarowheight=\dimen154
\NC@list=\toks30
\extratabsurround=\skip54
\backup@length=\skip55
)
\TX@col@width=\dimen155
\TX@old@table=\dimen156
\TX@old@col=\dimen157
\TX@target=\dimen158
\TX@delta=\dimen159
\TX@cols=\count116
\TX@ftn=\toks31
)
(/usr/local/texlive/2015/texmf-dist/tex/latex/float/float.sty
Package: float 2001/11/08 v1.3d Float enhancements (AL)
\c@float@type=\count117
\float@exts=\toks32
\float@box=\box28
\@float@everytoks=\toks33
\@floatcapt=\box29
)
(/usr/local/texlive/2015/texmf-dist/tex/latex/upquote/upquote.sty
Package: upquote 2012/04/19 v1.3 upright-quote and grave-accent glyphs in verba
tim
)
(./thesis.aux

LaTeX Warning: Label `ch:MIMOEvolvingCascadedSystem' multiply defined.


LaTeX Warning: Label `eq:GeneralizedOutputRecurrent' multiply defined.

)
\openout1 = `thesis.aux'.

LaTeX Font Info:    Checking defaults for OML/cmm/m/it on input line 75.
LaTeX Font Info:    ... okay on input line 75.
LaTeX Font Info:    Checking defaults for T1/cmr/m/n on input line 75.
LaTeX Font Info:    ... okay on input line 75.
LaTeX Font Info:    Checking defaults for OT1/cmr/m/n on input line 75.
LaTeX Font Info:    ... okay on input line 75.
LaTeX Font Info:    Checking defaults for OMS/cmsy/m/n on input line 75.
LaTeX Font Info:    ... okay on input line 75.
LaTeX Font Info:    Checking defaults for OMX/cmex/m/n on input line 75.
LaTeX Font Info:    ... okay on input line 75.
LaTeX Font Info:    Checking defaults for U/cmr/m/n on input line 75.
LaTeX Font Info:    ... okay on input line 75.
LaTeX Font Info:    Checking defaults for T2A/cmr/m/n on input line 75.
LaTeX Font Info:    ... okay on input line 75.
LaTeX Font Info:    Checking defaults for TS1/cmr/m/n on input line 75.
LaTeX Font Info:    Try loading font information for TS1+cmr on input line 75.
 (/usr/local/texlive/2015/texmf-dist/tex/latex/base/ts1cmr.fd
File: ts1cmr.fd 2014/09/29 v2.5h Standard LaTeX font definitions
)
LaTeX Font Info:    ... okay on input line 75.

(/usr/local/texlive/2015/texmf-dist/tex/context/base/supp-pdf.mkii
[Loading MPS to PDF converter (version 2006.09.02).]
\scratchcounter=\count118
\scratchdimen=\dimen160
\scratchbox=\box30
\nofMPsegments=\count119
\nofMParguments=\count120
\everyMPshowfont=\toks34
\MPscratchCnt=\count121
\MPscratchDim=\dimen161
\MPnumerator=\count122
\makeMPintoPDFobject=\count123
\everyMPtoPDFconversion=\toks35
) (/usr/local/texlive/2015/texmf-dist/tex/generic/oberdiek/pdftexcmds.sty
Package: pdftexcmds 2011/11/29 v0.20 Utility functions of pdfTeX for LuaTeX (HO
)

(/usr/local/texlive/2015/texmf-dist/tex/generic/oberdiek/ifluatex.sty
Package: ifluatex 2010/03/01 v1.3 Provides the ifluatex switch (HO)
Package ifluatex Info: LuaTeX not detected.
)
Package pdftexcmds Info: LuaTeX not detected.
Package pdftexcmds Info: \pdf@primitive is available.
Package pdftexcmds Info: \pdf@ifprimitive is available.
Package pdftexcmds Info: \pdfdraftmode found.
)
(/usr/local/texlive/2015/texmf-dist/tex/latex/oberdiek/epstopdf-base.sty
Package: epstopdf-base 2010/02/09 v2.5 Base part for package epstopdf

(/usr/local/texlive/2015/texmf-dist/tex/latex/oberdiek/grfext.sty
Package: grfext 2010/08/19 v1.1 Manage graphics extensions (HO)

(/usr/local/texlive/2015/texmf-dist/tex/generic/oberdiek/kvdefinekeys.sty
Package: kvdefinekeys 2011/04/07 v1.3 Define keys (HO)
))
(/usr/local/texlive/2015/texmf-dist/tex/latex/oberdiek/kvoptions.sty
Package: kvoptions 2011/06/30 v3.11 Key value format for package options (HO)

(/usr/local/texlive/2015/texmf-dist/tex/generic/oberdiek/kvsetkeys.sty
Package: kvsetkeys 2012/04/25 v1.16 Key value parser (HO)

(/usr/local/texlive/2015/texmf-dist/tex/generic/oberdiek/etexcmds.sty
Package: etexcmds 2011/02/16 v1.5 Avoid name clashes with e-TeX commands (HO)
Package etexcmds Info: Could not find \expanded.
(etexcmds)             That can mean that you are not using pdfTeX 1.50 or
(etexcmds)             that some package has redefined \expanded.
(etexcmds)             In the latter case, load this package earlier.
)))
Package grfext Info: Graphics extension search list:
(grfext)             [.png,.pdf,.jpg,.mps,.jpeg,.jbig2,.jb2,.PNG,.PDF,.JPG,.JPE
G,.JBIG2,.JB2,.eps]
(grfext)             \AppendGraphicsExtensions on input line 452.

(/usr/local/texlive/2015/texmf-dist/tex/latex/latexconfig/epstopdf-sys.cfg
File: epstopdf-sys.cfg 2010/07/13 v1.3 Configuration of (r)epstopdf for TeX Liv
e
))
*geometry* driver: auto-detecting
*geometry* detected driver: pdftex
*geometry* verbose mode - [ preamble ] result:
* driver: pdftex
* paper: a4paper
* layout: <same size as paper>
* layoutoffset:(h,v)=(0.0pt,0.0pt)
* modes: 
* h-part:(L,W,R)=(56.9055pt, 483.69684pt, 56.90553pt)
* v-part:(T,H,B)=(56.9055pt, 731.23582pt, 56.90552pt)
* \paperwidth=597.50787pt
* \paperheight=845.04684pt
* \textwidth=483.69684pt
* \textheight=731.23582pt
* \oddsidemargin=-15.36449pt
* \evensidemargin=-15.36449pt
* \topmargin=-54.36449pt
* \headheight=14.0pt
* \headsep=25.0pt
* \topskip=14.0pt
* \footskip=30.0pt
* \marginparwidth=15.0pt
* \marginparsep=10.0pt
* \columnsep=10.0pt
* \skip\footins=12.0pt plus 4.0pt minus 2.0pt
* \hoffset=0.0pt
* \voffset=0.0pt
* \mag=1000
* \@twocolumnfalse
* \@twosidefalse
* \@mparswitchfalse
* \@reversemarginfalse
* (1in=72.27pt=25.4mm, 1cm=28.453pt)

File: speciality.20070212N70 (vakthesis)
[1

{/usr/local/texlive/2015/texmf-var/fonts/map/pdftex/updmap/pdftex.map}]
(./thesis.toc [2

])
\tf@toc=\write3
\openout3 = `thesis.toc'.

 [3]
{\Ukrainian \CYRR \cyro \cyrz \cyrd \cyrii \cyrl } 1.
[4

]
{\Ukrainian \CYRR \cyro \cyrz \cyrd \cyrii \cyrl } 2.

Overfull \hbox (5.78783pt too wide) in paragraph at lines 118--119
[]\T2A/cmr/m/n/14.4 Мабуть, най-бiльш вi-до-мою ре-а-лi-за-цi-№ю цьо-го пiд-хо-
ду № каскадно-кореляцiйi
 []

[5

]
Package epstopdf Info: Source file: <images/CasCorLA.eps>
(epstopdf)                    date: 2016-03-02 15:26:49
(epstopdf)                    size: 25440 bytes
(epstopdf)             Output file: <images/CasCorLA-eps-converted-to.pdf>
(epstopdf)                    date: 2016-03-02 15:29:10
(epstopdf)                    size: 8235 bytes
(epstopdf)             Command: <repstopdf --outfile=images/CasCorLA-eps-conver
ted-to.pdf images/CasCorLA.eps>
(epstopdf)             \includegraphics on input line 122.
Package epstopdf Info: Output file is already uptodate.
 <images/CasCorLA-eps-converted-to.pdf, id=24, 281.05pt x 231.86626pt>
File: images/CasCorLA-eps-converted-to.pdf Graphic file (type pdf)

<use images/CasCorLA-eps-converted-to.pdf>
Package pdftex.def Info: images/CasCorLA-eps-converted-to.pdf used on input lin
e 122.
(pdftex.def)             Requested size: 455.24408pt x 375.60002pt.
 [6 <./images/CasCorLA-eps-converted-to.pdf>]
Package epstopdf Info: Source file: <images/SISOCascadedNetwork.eps>
(epstopdf)                    date: 2016-03-02 19:22:37
(epstopdf)                    size: 141624 bytes
(epstopdf)             Output file: <images/SISOCascadedNetwork-eps-converted-t
o.pdf>
(epstopdf)                    date: 2016-03-02 19:22:44
(epstopdf)                    size: 16577 bytes
(epstopdf)             Command: <repstopdf --outfile=images/SISOCascadedNetwork
-eps-converted-to.pdf images/SISOCascadedNetwork.eps>
(epstopdf)             \includegraphics on input line 140.
Package epstopdf Info: Output file is already uptodate.

<images/SISOCascadedNetwork-eps-converted-to.pdf, id=40, 512.91624pt x 520.9462
4pt>
File: images/SISOCascadedNetwork-eps-converted-to.pdf Graphic file (type pdf)
 <use images/SISOCascadedNetwork-eps-converted-to.pdf>
Package pdftex.def Info: images/SISOCascadedNetwork-eps-converted-to.pdf used o
n input line 140.
(pdftex.def)             Requested size: 455.24408pt x 462.37682pt.
 [7] [8 <./images/SISOCascadedNetwork-eps-converted-to.pdf>] [9] [10] [11] [12]
Package epstopdf Info: Source file: <images/NFN.eps>
(epstopdf)                    date: 2016-03-07 13:44:43
(epstopdf)                    size: 97752 bytes
(epstopdf)             Output file: <images/NFN-eps-converted-to.pdf>
(epstopdf)                    date: 2016-03-07 13:44:53
(epstopdf)                    size: 12097 bytes
(epstopdf)             Command: <repstopdf --outfile=images/NFN-eps-converted-t
o.pdf images/NFN.eps>
(epstopdf)             \includegraphics on input line 320.
Package epstopdf Info: Output file is already uptodate.

<images/NFN-eps-converted-to.pdf, id=95, 545.03625pt x 627.34375pt>
File: images/NFN-eps-converted-to.pdf Graphic file (type pdf)

<use images/NFN-eps-converted-to.pdf>
Package pdftex.def Info: images/NFN-eps-converted-to.pdf used on input line 320
.
(pdftex.def)             Requested size: 455.24408pt x 523.98811pt.
 [13 <./images/NFN-eps-converted-to.pdf>]
Overfull \hbox (0.1621pt too wide) in paragraph at lines 348--349
[]\T2A/cmr/m/n/14.4 Тобто не-лi-нiй-нiй си-напс фа-кти-чно № си-сте-мою ви-сно-
ву-ва-н-ня Така i-Су ено
 []

Package epstopdf Info: Source file: <images/NFN[2].eps>
(epstopdf)                    date: 2016-03-07 13:45:54
(epstopdf)                    size: 114557 bytes
(epstopdf)             Output file: <images/NFN[2]-eps-converted-to.pdf>
(epstopdf)                    date: 2016-03-07 13:46:06
(epstopdf)                    size: 13963 bytes
(epstopdf)             Command: <repstopdf --outfile=images/NFN[2]-eps-converte
d-to.pdf images/NFN[2].eps>
(epstopdf)             \includegraphics on input line 362.
Package epstopdf Info: Output file is already uptodate.
<images/NFN[2]-eps-converted-to.pdf, id=118, 550.055pt x 621.32124pt>
File: images/NFN[2]-eps-converted-to.pdf Graphic file (type pdf)

<use images/NFN[2]-eps-converted-to.pdf>
Package pdftex.def Info: images/NFN[2]-eps-converted-to.pdf used on input line 
362.
(pdftex.def)             Requested size: 398.33858pt x 449.95811pt.
 [14] [15 <./images/NFN[2]-eps-converted-to.pdf>] [16] [17]
Overfull \hbox (7.28288pt too wide) in paragraph at lines 502--503
\T2A/cmr/m/n/14.4 екс-по-нен-цiй-но зва-же-ний ре-ку-рен-тний ме-тод най-мен-ши
х ква-дра-тiв (EWRLSM),
 []

[18]
Overfull \hbox (14.923pt too wide) in paragraph at lines 504--505
[]\T2A/cmr/m/n/14.4 При ви-ко-ри-стан-нi кри-те-рiю на-вча-няя з []ре[]-[]гу[]-
[]лю[]-[]ю[]-[]чим[] [][][]па[]-[]ра[]-[]ме[]-[]тром (momentum
 []

Package epstopdf Info: Source file: <images/ENFNSynapse.eps>
(epstopdf)                    date: 2016-03-07 16:14:36
(epstopdf)                    size: 105477 bytes
(epstopdf)             Output file: <images/ENFNSynapse-eps-converted-to.pdf>
(epstopdf)                    date: 2016-03-07 16:31:39
(epstopdf)                    size: 12242 bytes
(epstopdf)             Command: <repstopdf --outfile=images/ENFNSynapse-eps-con
verted-to.pdf images/ENFNSynapse.eps>
(epstopdf)             \includegraphics on input line 528.
Package epstopdf Info: Output file is already uptodate.
<images/ENFNSynapse-eps-converted-to.pdf, id=156, 562.1pt x 241.90375pt>
File: images/ENFNSynapse-eps-converted-to.pdf Graphic file (type pdf)

<use images/ENFNSynapse-eps-converted-to.pdf>
Package pdftex.def Info: images/ENFNSynapse-eps-converted-to.pdf used on input 
line 528.
(pdftex.def)             Requested size: 455.24408pt x 195.91881pt.
 [19]
Package epstopdf Info: Source file: <images/ENFN.eps>
(epstopdf)                    date: 2016-03-07 16:36:54
(epstopdf)                    size: 81666 bytes
(epstopdf)             Output file: <images/ENFN-eps-converted-to.pdf>
(epstopdf)                    date: 2016-03-07 16:39:41
(epstopdf)                    size: 9572 bytes
(epstopdf)             Command: <repstopdf --outfile=images/ENFN-eps-converted-
to.pdf images/ENFN.eps>
(epstopdf)             \includegraphics on input line 539.
Package epstopdf Info: Output file is already uptodate.

<images/ENFN-eps-converted-to.pdf, id=161, 334.24875pt x 122.4575pt>
File: images/ENFN-eps-converted-to.pdf Graphic file (type pdf)

<use images/ENFN-eps-converted-to.pdf>
Package pdftex.def Info: images/ENFN-eps-converted-to.pdf used on input line 53
9.
(pdftex.def)             Requested size: 398.33858pt x 145.95044pt.
 [20 <./images/ENFNSynapse-eps-converted-to.pdf> <./images/ENFN-eps-converted-t
o.pdf>] [21] [22] [23] [24] [25]
{\Ukrainian \CYRR \cyro \cyrz \cyrd \cyrii \cyrl } 3.
[26

]
Package epstopdf Info: Source file: <images/MIMOCcascadeNetworkBuiltOnNFN.eps>
(epstopdf)                    date: 2016-03-08 14:23:11
(epstopdf)                    size: 142750 bytes
(epstopdf)             Output file: <images/MIMOCcascadeNetworkBuiltOnNFN-eps-c
onverted-to.pdf>
(epstopdf)                    date: 2016-03-08 14:30:41
(epstopdf)                    size: 16677 bytes
(epstopdf)             Command: <repstopdf --outfile=images/MIMOCcascadeNetwork
BuiltOnNFN-eps-converted-to.pdf images/MIMOCcascadeNetworkBuiltOnNFN.eps>
(epstopdf)             \includegraphics on input line 754.
Package epstopdf Info: Output file is already uptodate.

<images/MIMOCcascadeNetworkBuiltOnNFN-eps-converted-to.pdf, id=223, 529.98pt x 
547.04375pt>
File: images/MIMOCcascadeNetworkBuiltOnNFN-eps-converted-to.pdf Graphic file (t
ype pdf)
 <use images/MIMOCcascadeNetworkBuiltOnNFN-eps-converted-to.pdf>
Package pdftex.def Info: images/MIMOCcascadeNetworkBuiltOnNFN-eps-converted-to.
pdf used on input line 754.
(pdftex.def)             Requested size: 426.79134pt x 440.5404pt.

[27] [28 <./images/MIMOCcascadeNetworkBuiltOnNFN-eps-converted-to.pdf>]
[29] [30]
Overfull \hbox (1.49583pt too wide) detected at line 888
[][]
 []

[31]
Package epstopdf Info: Source file: <images/MIMOCcascadeNetworkBuiltOnNFNOptimi
zed.eps>
(epstopdf)                    date: 2016-03-07 21:23:25
(epstopdf)                    size: 195886 bytes
(epstopdf)             Output file: <images/MIMOCcascadeNetworkBuiltOnNFNOptimi
zed-eps-converted-to.pdf>
(epstopdf)                    date: 2016-03-07 21:43:47
(epstopdf)                    size: 21701 bytes
(epstopdf)             Command: <repstopdf --outfile=images/MIMOCcascadeNetwork
BuiltOnNFNOptimized-eps-converted-to.pdf images/MIMOCcascadeNetworkBuiltOnNFNOp
timized.eps>
(epstopdf)             \includegraphics on input line 915.
Package epstopdf Info: Output file is already uptodate.

<images/MIMOCcascadeNetworkBuiltOnNFNOptimized-eps-converted-to.pdf, id=264, 48
5.815pt x 481.8pt>
File: images/MIMOCcascadeNetworkBuiltOnNFNOptimized-eps-converted-to.pdf Graphi
c file (type pdf)

<use images/MIMOCcascadeNetworkBuiltOnNFNOptimized-eps-converted-to.pdf>
Package pdftex.def Info: images/MIMOCcascadeNetworkBuiltOnNFNOptimized-eps-conv
erted-to.pdf used on input line 915.
(pdftex.def)             Requested size: 455.24408pt x 451.48053pt.

[32] [33 <./images/MIMOCcascadeNetworkBuiltOnNFNOptimized-eps-converted-to.pdf>
] [34]
Package epstopdf Info: Source file: <images/MIMOBuiltOnNFNProblem.eps>
(epstopdf)                    date: 2016-03-08 14:01:40
(epstopdf)                    size: 170748 bytes
(epstopdf)             Output file: <images/MIMOBuiltOnNFNProblem-eps-converted
-to.pdf>
(epstopdf)                    date: 2016-03-08 14:04:28
(epstopdf)                    size: 18775 bytes
(epstopdf)             Command: <repstopdf --outfile=images/MIMOBuiltOnNFNProbl
em-eps-converted-to.pdf images/MIMOBuiltOnNFNProblem.eps>
(epstopdf)             \includegraphics on input line 990.
Package epstopdf Info: Output file is already uptodate.

<images/MIMOBuiltOnNFNProblem-eps-converted-to.pdf, id=307, 561.09625pt x 756.8
275pt>
File: images/MIMOBuiltOnNFNProblem-eps-converted-to.pdf Graphic file (type pdf)

 <use images/MIMOBuiltOnNFNProblem-eps-converted-to.pdf>
Package pdftex.def Info: images/MIMOBuiltOnNFNProblem-eps-converted-to.pdf used
 on input line 990.
(pdftex.def)             Requested size: 369.88582pt x 498.90718pt.
 [35 <./images/MIMOBuiltOnNFNProblem-eps-converted-to.pdf>]
Package epstopdf Info: Source file: <images/MNFN.eps>
(epstopdf)                    date: 2016-03-07 22:31:06
(epstopdf)                    size: 105709 bytes
(epstopdf)             Output file: <images/MNFN-eps-converted-to.pdf>
(epstopdf)                    date: 2016-03-07 22:33:20
(epstopdf)                    size: 13358 bytes
(epstopdf)             Command: <repstopdf --outfile=images/MNFN-eps-converted-
to.pdf images/MNFN.eps>
(epstopdf)             \includegraphics on input line 1019.
Package epstopdf Info: Output file is already uptodate.

<images/MNFN-eps-converted-to.pdf, id=342, 556.0775pt x 751.80875pt>
File: images/MNFN-eps-converted-to.pdf Graphic file (type pdf)

<use images/MNFN-eps-converted-to.pdf>
Package pdftex.def Info: images/MNFN-eps-converted-to.pdf used on input line 10
19.
(pdftex.def)             Requested size: 341.43306pt x 461.6197pt.
 [36] [37 <./images/MNFN-eps-converted-to.pdf>] [38] [39]
Overfull \hbox (18.69112pt too wide) in paragraph at lines 1191--1192
\T2A/cmr/m/n/14.4 будь-якi iн-шi кон-стру-кцiЁ, що ре-а-лi-зу-ють не-лi-нiй-не 
вiд-обра-же-н-ня []. 
 []

[40] [41]
{\Ukrainian \CYRR \cyro \cyrz \cyrd \cyrii \cyrl } 4.
[42

] [43] [44] [45]
Overfull \hbox (0.86208pt too wide) in paragraph at lines 1253--1254
[]\T2A/cmr/m/n/14.4 Iндекс ен-тро-пiЁ роз-би-т-тя на-бу-ва№ зна-чень у iн-тер-в
а-лi $[][]$. Що ближ-
 []

[46] [47] [48] [49]
Overfull \hbox (11.94626pt too wide) in paragraph at lines 1351--1352
[]\T2A/cmr/m/n/14.4 що при $\OML/cmm/m/it/14.4 ^^L \U/MnSymbolD/m/n/14.4 ^^@ \O
T1/cmr/m/n/14.4 2$ \T2A/cmr/m/n/14.4 збi-га-№-ться з ал-го-ри-тмом не-чi-тких с
-середнiх Без-де-ка (FCM) [[]]
 []

[50] [51] [52] [53] [54]
Overfull \hbox (0.23845pt too wide) in paragraph at lines 1494--1495
[]\T2A/cmr/m/n/14.4 Запропоновано ме-тод ви-зна-че-н-ня ло-каль-но опти-маль-но
Ё кiль-ко-стi кла-
 []

[55] [56]
{\Ukrainian \CYRR \cyro \cyrz \cyrd \cyrii \cyrl } 5.

Overfull \hbox (3.37018pt too wide) in paragraph at lines 1520--1521
 \T2A/cmr/bx/n/14.4 5.1.1. При-ду-ма-ти на-зву1.[] \T2A/cmr/m/n/14.4 Одна з осн
ов-них пе-ре-ваг, при-та-ман-них про-
 []

<images/clustering01.pdf, id=431, 459.7175pt x 266.9975pt>
File: images/clustering01.pdf Graphic file (type pdf)

<use images/clustering01.pdf>
Package pdftex.def Info: images/clustering01.pdf used on input line 1524.
(pdftex.def)             Requested size: 459.71637pt x 266.99683pt.
 [57

 <./images/clustering01.pdf>]
Overfull \hbox (15.22507pt too wide) in paragraph at lines 1534--1535
\T2A/cmr/m/n/14.4 ним ви-яви-ся дру-гий ка-скад ($\OML/cmm/m/it/14.4 m \U/MnSym
bolD/m/n/14.4 ^^@ \OT1/cmr/m/n/14.4 3$\T2A/cmr/m/n/14.4 ) з трьо-ма кла-сте-ра-
ми i нейроном-переможцем
 []

<images/clustering002.pdf, id=440, 454.69875pt x 242.9075pt>
File: images/clustering002.pdf Graphic file (type pdf)

<use images/clustering002.pdf>
Package pdftex.def Info: images/clustering002.pdf used on input line 1578.
(pdftex.def)             Requested size: 454.69763pt x 242.90689pt.
 [58]
<images/clustering03.pdf, id=444, 454.69875pt x 242.9075pt>
File: images/clustering03.pdf Graphic file (type pdf)

<use images/clustering03.pdf>
Package pdftex.def Info: images/clustering03.pdf used on input line 1634.
(pdftex.def)             Requested size: 454.69763pt x 242.90689pt.
 [59]
<images/clustering04.pdf, id=449, 454.69875pt x 242.9075pt>
File: images/clustering04.pdf Graphic file (type pdf)

<use images/clustering04.pdf>
Package pdftex.def Info: images/clustering04.pdf used on input line 1692.
(pdftex.def)             Requested size: 454.69763pt x 242.90689pt.
 [60 <./images/clustering002.pdf>]
<images/HierarchialClusteringOfIrisDataset.pdf, id=456, 447.6725pt x 518.93875p
t>
File: images/HierarchialClusteringOfIrisDataset.pdf Graphic file (type pdf)
 <use images/HierarchialClusteringOfIrisDataset.pdf>
Package pdftex.def Info: images/HierarchialClusteringOfIrisDataset.pdf used on 
input line 1710.
(pdftex.def)             Requested size: 447.6714pt x 518.93748pt.

<images/ClusteredIrisDatasetM3Beta2.pdf, id=457, 447.6725pt x 435.6275pt>
File: images/ClusteredIrisDatasetM3Beta2.pdf Graphic file (type pdf)

<use images/ClusteredIrisDatasetM3Beta2.pdf>
Package pdftex.def Info: images/ClusteredIrisDatasetM3Beta2.pdf used on input l
ine 1720.
(pdftex.def)             Requested size: 447.6714pt x 435.62643pt.
 [61] [62 <./images/clustering03.pdf>] [63]
Overfull \vbox (182.27686pt too high) has occurred while \output is active []


[64 <./images/clustering04.pdf>]
<images/IrisClusteringEfficiencyFromNumberOfClustersAndFuzzyfier.pdf, id=477, 5
05.89pt x 505.89pt>
File: images/IrisClusteringEfficiencyFromNumberOfClustersAndFuzzyfier.pdf Graph
ic file (type pdf)

<use images/IrisClusteringEfficiencyFromNumberOfClustersAndFuzzyfier.pdf>
Package pdftex.def Info: images/IrisClusteringEfficiencyFromNumberOfClustersAnd
Fuzzyfier.pdf used on input line 1792.
(pdftex.def)             Requested size: 505.88875pt x 505.88875pt.

Overfull \hbox (22.19191pt too wide) in paragraph at lines 1792--1793
 [] 
 []


LaTeX Warning: Reference `fig:3DClusteredIrisDatasetM12Beta4' on page 65 undefi
ned on input line 1798.

[65 <./images/HierarchialClusteringOfIrisDataset.pdf>]
<images/ClusteredIrisDatasetM7Beta5.pdf, id=486, 461.725pt x 461.725pt>
File: images/ClusteredIrisDatasetM7Beta5.pdf Graphic file (type pdf)

<use images/ClusteredIrisDatasetM7Beta5.pdf>
Package pdftex.def Info: images/ClusteredIrisDatasetM7Beta5.pdf used on input l
ine 1803.
(pdftex.def)             Requested size: 461.72388pt x 461.72388pt.
 [66 <./images/ClusteredIrisDatasetM3Beta2.pdf>]
<images/ClusteredIrisDatasetM14Beta4.pdf, id=496, 447.6725pt x 435.6275pt>
File: images/ClusteredIrisDatasetM14Beta4.pdf Graphic file (type pdf)

<use images/ClusteredIrisDatasetM14Beta4.pdf>
Package pdftex.def Info: images/ClusteredIrisDatasetM14Beta4.pdf used on input 
line 1812.
(pdftex.def)             Requested size: 447.6714pt x 435.62643pt.

<images/3DClusteredIrisDatasetM7Beta5.pdf, id=497, 461.725pt x 526.96875pt>
File: images/3DClusteredIrisDatasetM7Beta5.pdf Graphic file (type pdf)

<use images/3DClusteredIrisDatasetM7Beta5.pdf>
Package pdftex.def Info: images/3DClusteredIrisDatasetM7Beta5.pdf used on input
 line 1832.
(pdftex.def)             Requested size: 461.72388pt x 526.96745pt.
 [67]
<images/3DClusteredIrisDatasetM12Beta4.pdf, id=502, 447.6725pt x 519.9425pt>
File: images/3DClusteredIrisDatasetM12Beta4.pdf Graphic file (type pdf)

<use images/3DClusteredIrisDatasetM12Beta4.pdf>
Package pdftex.def Info: images/3DClusteredIrisDatasetM12Beta4.pdf used on inpu
t line 1842.
(pdftex.def)             Requested size: 447.6714pt x 519.94124pt.
 [68 <./images/3DClusteredIrisDatasetM7Beta5.pdf>] (./thesis.bbl [69 <./images/
3DClusteredIrisDatasetM12Beta4.pdf>] [70 <./images/IrisClusteringEfficiencyFrom
NumberOfClustersAndFuzzyfier.pdf>] [71 <./images/ClusteredIrisDatasetM7Beta5.pd
f>] [72 <./images/ClusteredIrisDatasetM14Beta4.pdf>]
Underfull \hbox (badness 10000) in paragraph at lines 24--31
[]\OT1/cmr/m/n/14.4 Adaptive Clus-ter-ing for Mul-ti-ple Evolv-ing Streams / Bi
-
 []


Underfull \hbox (badness 10000) in paragraph at lines 24--31
\OT1/cmr/m/n/14.4 Ru Dai, Jen-Wei Huang, Mi-Yen Yeh, Ming-Syan Chen //
 []


Underfull \hbox (badness 2393) in paragraph at lines 24--31
\OT1/cmr/m/n/14.4 IEEE Trans. Knowl. Data Eng. []  2006. []  Vol. 18, no. 9. []

 []


Underfull \hbox (badness 10000) in paragraph at lines 24--31
\OT1/cmr/m/n/14.4 P. 1166--1180. []  URL: \OT1/cmr/m/n/12 http://dx.doi.org/10.
1109/TKDE.2006.137;
 []


Underfull \hbox (badness 2213) in paragraph at lines 41--48
[]\OT1/cmr/m/n/14.4 Angelov Pla-men P., Lughofer Ed-win. Data-driven evolv-ing 
fuzzy
 []


Underfull \hbox (badness 1490) in paragraph at lines 41--48
\OT1/cmr/m/n/14.4 sys-tems us-ing eTS and FLEX-FIS: com-par-a-tive anal-y-sis /
/ Int. J.
 []


Underfull \hbox (badness 1776) in paragraph at lines 41--48
\OT1/cmr/m/n/14.4 Gen-eral Sys-tems. []  2008. []  Vol. 37, no. 1. []  P. 45--6
7. []  URL:
 []

[73

]
Underfull \hbox (badness 7273) in paragraph at lines 144--151
[]\OT1/cmr/m/n/14.4 Bodyanskiy Yev-geniy, Vik-torov Yev-gen. 110 9 -- In-tel-li
-gent
 []


Underfull \hbox (badness 10000) in paragraph at lines 144--151
\OT1/cmr/m/n/14.4 Pro-cess-ing THE CAS-CADE NEO-FUZZY AR-CHI-TEC-TURE
 []


Underfull \hbox (badness 4391) in paragraph at lines 144--151
\OT1/cmr/m/n/14.4 AND ITS ON-LINE LEARN-ING AL-GO-RITHM. []  2013. []  URL:
 []


Underfull \hbox (badness 10000) in paragraph at lines 154--162
[]\OT1/cmr/m/n/14.4 Bodyanskiy Yev-geniy, Vik-torov Yev-gen, Pliss Iryna. In-te
r-
 []


Underfull \hbox (badness 10000) in paragraph at lines 154--162
\OT1/cmr/m/n/14.4 na-tional Book Se-ries "In-for-ma-tion Sci-ence and Com-put-i
ng "
 []


Underfull \hbox (badness 10000) in paragraph at lines 154--162
\OT1/cmr/m/n/14.4 25 THE CAS-CADE GROW-ING NEU-RAL NET-WORK US-ING
 []


Underfull \hbox (badness 10000) in paragraph at lines 154--162
\OT1/cmr/m/n/14.4 QUADRATIC NEU-RONS AND ITS LEARN-ING AL-GO-RITHMS
 []


Underfull \hbox (badness 5036) in paragraph at lines 154--162
\OT1/cmr/m/n/14.4 FOR ON-LINE IN-FOR-MA-TION PRO-CESS-ING. []  2013. []  URL:
 []

[74]
Underfull \hbox (badness 2970) in paragraph at lines 199--205
[]\OT1/cmr/m/n/14.4 Chung Fu-Lai, Lee Tong. Fuzzy com-pet-i-tive learn-ing // N
eu-
 []


Underfull \hbox (badness 3148) in paragraph at lines 199--205
\OT1/cmr/m/n/14.4 ral Net-works. []  1994. []  Vol. 7, no. 3. []  P. 539--551. 
[]  URL:
 []

[75]
Underfull \hbox (badness 1264) in paragraph at lines 245--252
\OT1/cmr/m/n/14.4 Im-age Recog-ni-tion / Frank H^^?opp-ner, Frank Kla-wonn, Rud
olf Kruse,
 []

[76]
Underfull \hbox (badness 2012) in paragraph at lines 362--369
[]\OT1/cmr/m/n/14.4 Leng Gang, Prasad Gir-i-jesh, McGin-nity T. Mar-tin. An on-
line
 []


Underfull \hbox (badness 1789) in paragraph at lines 362--369
\OT1/cmr/m/n/14.4 al-go-rithm for cre-at-ing self-organizing fuzzy neu-ral net-
works // Neu-
 []


Underfull \hbox (badness 1137) in paragraph at lines 362--369
\OT1/cmr/m/n/14.4 ral Net-works. []  2004. []  Vol. 17, no. 10. []  P. 1477--14
93. []  URL:
 []


Underfull \hbox (badness 3590) in paragraph at lines 371--377
[]\OT1/cmr/m/n/14.4 Liu Ying-Ho. Stream min-ing on uni-vari-ate un-cer-tain dat
a //
 []


Underfull \hbox (badness 1990) in paragraph at lines 371--377
\OT1/cmr/m/n/14.4 Appl. In-tell. []  2013. []  Vol. 39, no. 2. []  P. 315--344.
 []  URL:
 []


Underfull \hbox (badness 1609) in paragraph at lines 383--390
[]\OT1/cmr/m/n/14.4 Lughofer Ed-win. FLEX-FIS: A Ro-bust In-cre-men-tal Learn-i
ng Ap-
 []


Underfull \hbox (badness 1178) in paragraph at lines 383--390
\OT1/cmr/m/n/14.4 proach for Evolv-ing Takagi-Sugeno Fuzzy Mod-els // IEEE T. F
uzzy
 []


Underfull \hbox (badness 4967) in paragraph at lines 383--390
\OT1/cmr/m/n/14.4 Sys-tems. []  2008. []  Vol. 16, no. 6. []  P. 1393--1410. []
  URL:
 []

[77]
Underfull \hbox (badness 1365) in paragraph at lines 405--409
[]\OT1/cmr/m/n/14.4 Miki T., (Japan) T. Ya-makawa. Ana-log Im-ple-men-ta-tion o
f Neo-
 []


Underfull \hbox (badness 3088) in paragraph at lines 442--449
[]\OT1/cmr/m/n/14.4 Park Dong C., Dagher Is-sam. Gra-di-ent Based Fuzzy c[]mean
s
 []

[78]
Underfull \hbox (badness 10000) in paragraph at lines 487--495
[]\OT1/cmr/m/n/14.4 Smoothly dis-tributed fuzzy C-means: a new self-organizing
 []


Underfull \hbox (badness 1721) in paragraph at lines 487--495
\OT1/cmr/m/n/14.4 map / R. D. Pas-cual Mar-qui, A. D. Pas-cual Mon-tano, K. Koc
hi,
 []


Underfull \hbox (badness 10000) in paragraph at lines 487--495
\OT1/cmr/m/n/14.4 P. 2395--2402. []  URL: \OT1/cmr/m/n/12 http://www.sciencedir
ect.com/science/article/B6V14-
 []


Underfull \hbox (badness 1028) in paragraph at lines 498--505
[]\OT1/cmr/m/n/14.4 Tsao E. C. K., Bezdek J. C., Pal N. R. Fuzzy Ko-ho-nen clus
-ter-
 []


Underfull \hbox (badness 1867) in paragraph at lines 498--505
\OT1/cmr/m/n/14.4 ing net-works // Pat-tern Recog-ni-tion. []  1994. []  Vol. 2
7, no. 5. []
 []


Underfull \hbox (badness 1902) in paragraph at lines 515--527
\OT1/cmr/m/n/14.4 tive Noise Can-cel-la-tion For Multi-Sensory Sig-nals. []  20
01. []  URL:
 []

[79]
Underfull \hbox (badness 3209) in paragraph at lines 581--588
[]\OT1/cmr/m/n/14.4 Wu Yi. Net-work Big Data: A Lit-er-a-ture Sur-vey on Stream

 []


Underfull \hbox (badness 10000) in paragraph at lines 581--588
\OT1/cmr/m/n/14.4 Data Min-ing. []  2014. []  Vol. 9. []  P. 2427--2434. []  UR
L:
 []

) [80] (./thesis.aux)

LaTeX Warning: There were undefined references.


LaTeX Warning: There were multiply-defined labels.

 ) 
Here is how much of TeX's memory you used:
 7593 strings out of 493089
 106911 string characters out of 6134842
 176457 words of memory out of 5000000
 10873 multiletter control sequences out of 15000+600000
 29743 words of font info for 82 fonts, out of 8000000 for 9000
 1141 hyphenation exceptions out of 8191
 276i,20n,31p,2724b,645s stack positions out of 5000i,500n,10000p,200000b,80000s
{/usr/local/texlive/2015/texmf-dist/fonts/enc/dvips/cm-super/cm-super-t2a.enc
}{/usr/local/texlive/2015/texmf-dist/fonts/enc/dvips/mnsymbol/MnSymbolS.enc}{/u
sr/local/texlive/2015/texmf-dist/fonts/enc/dvips/mnsymbol/MnSymbolA.enc}{/usr/l
ocal/texlive/2015/texmf-dist/fonts/enc/dvips/mnsymbol/MnSymbolD.enc}{/usr/local
/texlive/2015/texmf-dist/fonts/enc/dvips/mnsymbol/MnSymbolF.enc}{/usr/local/tex
live/2015/texmf-dist/fonts/enc/dvips/mnsymbol/MnSymbolE.enc}{/usr/local/texlive
/2015/texmf-dist/fonts/enc/dvips/mnsymbol/MnSymbolC.enc}</usr/local/texlive/201
5/texmf-dist/fonts/type1/public/mnsymbol/MnSymbol10.pfb></usr/local/texlive/201
5/texmf-dist/fonts/type1/public/mnsymbol/MnSymbol12.pfb></usr/local/texlive/201
5/texmf-dist/fonts/type1/public/mnsymbol/MnSymbol7.pfb></usr/local/texlive/2015
/texmf-dist/fonts/type1/public/amsfonts/cm/cmmi10.pfb></usr/local/texlive/2015/
texmf-dist/fonts/type1/public/amsfonts/cm/cmmi12.pfb></usr/local/texlive/2015/t
exmf-dist/fonts/type1/public/amsfonts/cm/cmmi7.pfb></usr/local/texlive/2015/tex
mf-dist/fonts/type1/public/amsfonts/cm/cmr10.pfb></usr/local/texlive/2015/texmf
-dist/fonts/type1/public/amsfonts/cm/cmr12.pfb></usr/local/texlive/2015/texmf-d
ist/fonts/type1/public/amsfonts/cm/cmti10.pfb></usr/local/texlive/2015/texmf-di
st/fonts/type1/public/amsfonts/cm/cmti12.pfb></usr/local/texlive/2015/texmf-dis
t/fonts/type1/public/cm-super/sfbx1440.pfb></usr/local/texlive/2015/texmf-dist/
fonts/type1/public/cm-super/sfcc1440.pfb></usr/local/texlive/2015/texmf-dist/fo
nts/type1/public/cm-super/sfrm1200.pfb></usr/local/texlive/2015/texmf-dist/font
s/type1/public/cm-super/sfrm1440.pfb></usr/local/texlive/2015/texmf-dist/fonts/
type1/public/cm-super/sfti1440.pfb></usr/local/texlive/2015/texmf-dist/fonts/ty
pe1/public/cm-super/sfxc1440.pfb></usr/local/texlive/2015/texmf-dist/fonts/type
1/public/cm-super/sfxc1728.pfb>
Output written on thesis.pdf (80 pages, 839937 bytes).
PDF statistics:
 649 PDF objects out of 1000 (max. 8388607)
 449 compressed objects within 5 object streams
 0 named destinations out of 1000 (max. 500000)
 106 words of extra memory for PDF output out of 10000 (max. 10000000)

