This is pdfTeX, Version 3.14159265-2.6-1.40.16 (TeX Live 2015) (preloaded format=latex 2015.8.13)  9 OCT 2015 11:43
entering extended mode
 restricted \write18 enabled.
 %&-line parsing enabled.
**vakthesis.ins
(./vakthesis.ins
LaTeX2e <2015/01/01>
Babel <3.9l> and hyphenation patterns for 79 languages loaded.
(/usr/local/texlive/2015/texmf-dist/tex/latex/base/docstrip.tex
\blockLevel=\count79
\emptyLines=\count80
\processedLines=\count81
\commentsRemoved=\count82
\commentsPassed=\count83
\codeLinesPassed=\count84
\TotalprocessedLines=\count85
\TotalcommentsRemoved=\count86
\TotalcommentsPassed=\count87
\TotalcodeLinesPassed=\count88
\NumberOfFiles=\count89
\inFile=\read1
\inputcheck=\read2
\off@0=\count90
\off@1=\count91
\off@2=\count92
\off@3=\count93
\off@4=\count94
\off@5=\count95
\off@6=\count96
\off@7=\count97
\off@8=\count98
\off@9=\count99
\off@10=\count100
\off@11=\count101
\off@12=\count102
\off@13=\count103
\off@14=\count104
\off@15=\count105
\@maxfiles=\count106
\@maxoutfiles=\count107

Utility: `docstrip' 2.5e <2014/09/29>
English documentation    <2014/09/29>

**********************************************************
* This program converts documented macro-files into fast *
* loadable files by stripping off (nearly) all comments! *
**********************************************************

********************************************************
* No Configuration file found, using default settings. *
********************************************************

)

Generating file(s) ./vakthesis.cls ./vakaref.cls ./casus.sty ./speciality.20070
212N70 ./xampl-thesis.tex ./xampl-intro.tex ./xampl-ch1.tex ./xampl-concl.tex .
/xampl-bib.tex ./xampl-aref.tex ./xampl-thesis.bib ./xampl-mybib.bib 
\openout0 = `./vakthesis.cls'.

\openout1 = `./vakaref.cls'.

\openout2 = `./casus.sty'.

\openout3 = `./speciality.20070212N70'.

\openout4 = `./xampl-thesis.tex'.

\openout5 = `./xampl-intro.tex'.

\openout6 = `./xampl-ch1.tex'.

\openout7 = `./xampl-concl.tex'.

\openout8 = `./xampl-bib.tex'.

\openout9 = `./xampl-aref.tex'.

\openout10 = `./xampl-thesis.bib'.

\openout11 = `./xampl-mybib.bib'.


Processing file vakthesis.dtx (vakthesis) -> vakthesis.cls
                              (vakaref) -> vakaref.cls
                              (casus) -> casus.sty
                              (speciality) -> speciality.20070212N70
                              (xampl-thesis) -> xampl-thesis.tex
                              (xampl-intro) -> xampl-intro.tex
                              (xampl-ch1) -> xampl-ch1.tex
                              (xampl-concl) -> xampl-concl.tex
                              (xampl-bib) -> xampl-bib.tex
                              (xampl-aref) -> xampl-aref.tex
                              (xampl-thesis.bib) -> xampl-thesis.bib
                              (xampl-mybib.bib) -> xampl-mybib.bib
File vakthesis.dtx ended by \endinput.
Lines  processed: 4130
Comments removed: 2390
Comments  passed: 56
Codelines passed: 1544

***********************************************************
*
* To finish the installation you have to move the following
* files into a directory searched by TeX:
*
*   vakthesis.cls
*   vakaref.cls
*   casus.sty
*   speciality.20070212N70
*   xampl-thesis.tex
*   xampl-intro.tex
*   xampl-ch1.tex
*   xampl-concl.tex
*   xampl-bib.tex
*   xampl-aref.tex
*   xampl-thesis.bib
*   xampl-mybib.bib
*
* To produce the documentation run the file vakthesis.dtx
* through LaTeX.
*
* Happy LaTeXing!
*
***********************************************************
 ) 
Here is how much of TeX's memory you used:
 415 strings out of 493090
 4659 string characters out of 6134868
 60078 words of memory out of 5000000
 3981 multiletter control sequences out of 15000+600000
 3640 words of font info for 14 fonts, out of 8000000 for 9000
 1141 hyphenation exceptions out of 8191
 13i,0n,15p,295b,244s stack positions out of 5000i,500n,10000p,200000b,80000s

No pages of output.
